[PID=82221][Thu Mar  7 12:06:16 2024] Error : -262151(eNOUNFIXEDBUF_BFM) in bfm_AllocTrain.c:432
[PID=82221][Thu Mar  7 12:06:16 2024] Error : -262151(eNOUNFIXEDBUF_BFM) in BfM_GetTrain.c:107
[PID=82221][Thu Mar  7 12:06:16 2024] Error : -262151(eNOUNFIXEDBUF_BFM) in EduBfM_Test.c:195
[PID=82221][Thu Mar  7 12:06:16 2024] Error : -589829(eNOLOGGEDTRANSACTION_RM) in RM_Transaction.c:311
[PID=82221][Thu Mar  7 12:06:16 2024] Error : -589829(eNOLOGGEDTRANSACTION_RM) in SM_Transaction.c:258
[PID=82221][Thu Mar  7 12:06:16 2024] Error : -589829(eNOLOGGEDTRANSACTION_RM) in SM_ThinLayer.c:761
[PID=82221][Thu Mar  7 12:06:16 2024] Error : -589829(eNOLOGGEDTRANSACTION_RM) in LRDS_Transaction.c:133
[PID=83845][Thu Mar  7 14:32:13 2024] Error : -262150(eNOTFOUND_BFM) in bfm_Hash.c:216
[PID=83845][Thu Mar  7 14:32:13 2024] Error : -262150(eNOTFOUND_BFM) in bfm_AllocTrain.c:417
[PID=83845][Thu Mar  7 14:32:13 2024] Error : -262150(eNOTFOUND_BFM) in BfM_GetTrain.c:107
[PID=83845][Thu Mar  7 14:32:13 2024] Error : -262150(eNOTFOUND_BFM) in EduBfM_Test.c:338
[PID=83845][Thu Mar  7 14:32:13 2024] Error : -589829(eNOLOGGEDTRANSACTION_RM) in RM_Transaction.c:311
[PID=83845][Thu Mar  7 14:32:13 2024] Error : -589829(eNOLOGGEDTRANSACTION_RM) in SM_Transaction.c:258
[PID=83845][Thu Mar  7 14:32:13 2024] Error : -589829(eNOLOGGEDTRANSACTION_RM) in SM_ThinLayer.c:761
[PID=83845][Thu Mar  7 14:32:13 2024] Error : -589829(eNOLOGGEDTRANSACTION_RM) in LRDS_Transaction.c:133
[PID=84165][Thu Mar  7 14:37:21 2024] Error : -262150(eNOTFOUND_BFM) in bfm_Hash.c:216
[PID=84165][Thu Mar  7 14:37:21 2024] Error : -262150(eNOTFOUND_BFM) in bfm_AllocTrain.c:417
[PID=84165][Thu Mar  7 14:37:21 2024] Error : -262150(eNOTFOUND_BFM) in BfM_GetTrain.c:107
[PID=84165][Thu Mar  7 14:37:21 2024] Error : -262150(eNOTFOUND_BFM) in EduBfM_Test.c:338
[PID=84165][Thu Mar  7 14:37:21 2024] Error : -589829(eNOLOGGEDTRANSACTION_RM) in RM_Transaction.c:311
[PID=84165][Thu Mar  7 14:37:21 2024] Error : -589829(eNOLOGGEDTRANSACTION_RM) in SM_Transaction.c:258
[PID=84165][Thu Mar  7 14:37:21 2024] Error : -589829(eNOLOGGEDTRANSACTION_RM) in SM_ThinLayer.c:761
[PID=84165][Thu Mar  7 14:37:21 2024] Error : -589829(eNOLOGGEDTRANSACTION_RM) in LRDS_Transaction.c:133
[PID=84351][Thu Mar  7 14:38:14 2024] Error : -262150(eNOTFOUND_BFM) in bfm_Hash.c:216
[PID=84351][Thu Mar  7 14:38:14 2024] Error : -262150(eNOTFOUND_BFM) in bfm_AllocTrain.c:417
[PID=84351][Thu Mar  7 14:38:14 2024] Error : -262150(eNOTFOUND_BFM) in BfM_GetTrain.c:107
[PID=84351][Thu Mar  7 14:38:14 2024] Error : -262150(eNOTFOUND_BFM) in EduBfM_Test.c:338
[PID=84351][Thu Mar  7 14:38:14 2024] Error : -589829(eNOLOGGEDTRANSACTION_RM) in RM_Transaction.c:311
[PID=84351][Thu Mar  7 14:38:14 2024] Error : -589829(eNOLOGGEDTRANSACTION_RM) in SM_Transaction.c:258
[PID=84351][Thu Mar  7 14:38:14 2024] Error : -589829(eNOLOGGEDTRANSACTION_RM) in SM_ThinLayer.c:761
[PID=84351][Thu Mar  7 14:38:14 2024] Error : -589829(eNOLOGGEDTRANSACTION_RM) in LRDS_Transaction.c:133
