[PID=30035][Tue Mar 28 22:43:13 2017] Error : -196608(eVOLNOTMOUNTED_RDSM) in RDsM_ReadTrain.c:90
[PID=30035][Tue Mar 28 22:43:13 2017] Error : -196608(eVOLNOTMOUNTED_RDSM) in bfm_ReadTrain.c:90
[PID=30035][Tue Mar 28 22:43:13 2017] Error : -196608(eVOLNOTMOUNTED_RDSM) in BfM_GetTrain.c:113
[PID=30035][Tue Mar 28 22:43:13 2017] Error : -196608(eVOLNOTMOUNTED_RDSM) in EduOM_Test.c:562
[PID=30035][Tue Mar 28 22:43:14 2017] Error : -196608(eVOLNOTMOUNTED_RDSM) in RDsM_ReadTrain.c:90
[PID=30035][Tue Mar 28 22:43:14 2017] Error : -196608(eVOLNOTMOUNTED_RDSM) in bfm_ReadTrain.c:90
[PID=30035][Tue Mar 28 22:43:14 2017] Error : -196608(eVOLNOTMOUNTED_RDSM) in BfM_GetTrain.c:113
[PID=30035][Tue Mar 28 22:43:14 2017] Error : -196608(eVOLNOTMOUNTED_RDSM) in EduOM_Test.c:562
[PID=30035][Tue Mar 28 22:43:14 2017] Error : -196608(eVOLNOTMOUNTED_RDSM) in RDsM_ReadTrain.c:90
[PID=30035][Tue Mar 28 22:43:14 2017] Error : -196608(eVOLNOTMOUNTED_RDSM) in bfm_ReadTrain.c:90
[PID=30035][Tue Mar 28 22:43:14 2017] Error : -196608(eVOLNOTMOUNTED_RDSM) in BfM_GetTrain.c:113
[PID=30035][Tue Mar 28 22:43:14 2017] Error : -196608(eVOLNOTMOUNTED_RDSM) in EduOM_Test.c:618
[PID=30035][Tue Mar 28 22:43:14 2017] Error : -196608(eVOLNOTMOUNTED_RDSM) in RDsM_ReadTrain.c:90
[PID=30035][Tue Mar 28 22:43:14 2017] Error : -196608(eVOLNOTMOUNTED_RDSM) in bfm_ReadTrain.c:90
[PID=30035][Tue Mar 28 22:43:14 2017] Error : -196608(eVOLNOTMOUNTED_RDSM) in BfM_GetTrain.c:113
[PID=30035][Tue Mar 28 22:43:14 2017] Error : -196608(eVOLNOTMOUNTED_RDSM) in EduOM_Test.c:562
[PID=30035][Tue Mar 28 22:43:14 2017] Error : -196608(eVOLNOTMOUNTED_RDSM) in RDsM_ReadTrain.c:90
[PID=30035][Tue Mar 28 22:43:14 2017] Error : -196608(eVOLNOTMOUNTED_RDSM) in bfm_ReadTrain.c:90
[PID=30035][Tue Mar 28 22:43:14 2017] Error : -196608(eVOLNOTMOUNTED_RDSM) in BfM_GetTrain.c:113
[PID=30035][Tue Mar 28 22:43:14 2017] Error : -196608(eVOLNOTMOUNTED_RDSM) in EduOM_Test.c:562
[PID=30035][Tue Mar 28 22:43:14 2017] Error : -196608(eVOLNOTMOUNTED_RDSM) in RDsM_ReadTrain.c:90
[PID=30035][Tue Mar 28 22:43:14 2017] Error : -196608(eVOLNOTMOUNTED_RDSM) in bfm_ReadTrain.c:90
[PID=30035][Tue Mar 28 22:43:14 2017] Error : -196608(eVOLNOTMOUNTED_RDSM) in BfM_GetTrain.c:113
[PID=30035][Tue Mar 28 22:43:14 2017] Error : -196608(eVOLNOTMOUNTED_RDSM) in EduOM_Test.c:562
[PID=30035][Tue Mar 28 22:43:15 2017] Error : -196608(eVOLNOTMOUNTED_RDSM) in RDsM_ReadTrain.c:90
[PID=30035][Tue Mar 28 22:43:15 2017] Error : -196608(eVOLNOTMOUNTED_RDSM) in bfm_ReadTrain.c:90
[PID=30035][Tue Mar 28 22:43:15 2017] Error : -196608(eVOLNOTMOUNTED_RDSM) in BfM_GetTrain.c:113
[PID=30035][Tue Mar 28 22:43:15 2017] Error : -196608(eVOLNOTMOUNTED_RDSM) in EduOM_Test.c:665
[PID=30035][Tue Mar 28 22:43:15 2017] Error : -196608(eVOLNOTMOUNTED_RDSM) in RDsM_ReadTrain.c:90
[PID=30035][Tue Mar 28 22:43:15 2017] Error : -196608(eVOLNOTMOUNTED_RDSM) in bfm_ReadTrain.c:90
[PID=30035][Tue Mar 28 22:43:15 2017] Error : -196608(eVOLNOTMOUNTED_RDSM) in BfM_GetTrain.c:113
[PID=30035][Tue Mar 28 22:43:15 2017] Error : -196608(eVOLNOTMOUNTED_RDSM) in EduOM_Test.c:562
[PID=30035][Tue Mar 28 22:43:15 2017] Error : -1(Unix error code) in EduOM_Test.c:272
[PID=30035][Tue Mar 28 22:43:15 2017] Error : -589829(eNOLOGGEDTRANSACTION_RM) in RM_Transaction.c:311
[PID=30035][Tue Mar 28 22:43:15 2017] Error : -589829(eNOLOGGEDTRANSACTION_RM) in SM_Transaction.c:258
[PID=30035][Tue Mar 28 22:43:15 2017] Error : -589829(eNOLOGGEDTRANSACTION_RM) in SM_ThinLayer.c:761
[PID=30035][Tue Mar 28 22:43:15 2017] Error : -589829(eNOLOGGEDTRANSACTION_RM) in LRDS_Transaction.c:133
[PID=30035][Tue Mar 28 22:43:15 2017] Error : -65538(eBADPARAMETER) in Util_heap.c:298
[PID=30035][Tue Mar 28 22:43:15 2017] Error : -65538(eBADPARAMETER) in LRDS_CloseScan.c:107
[PID=30035][Tue Mar 28 22:43:15 2017] Error : -65538(eBADPARAMETER) in LRDS_Transaction.c:90
[PID=30035][Tue Mar 28 22:43:15 2017] Error : -65539(eBADVOLUMEID) in LRDS_Dismount.c:73
[PID=68199][Tue Mar  1 15:22:31 2022] Error : -196608(eVOLNOTMOUNTED_RDSM) in RDsM_ReadTrain.c:90
[PID=68199][Tue Mar  1 15:22:31 2022] Error : -196608(eVOLNOTMOUNTED_RDSM) in bfm_ReadTrain.c:90
[PID=68199][Tue Mar  1 15:22:31 2022] Error : -196608(eVOLNOTMOUNTED_RDSM) in BfM_GetTrain.c:113
[PID=68199][Tue Mar  1 15:22:31 2022] Error : -196608(eVOLNOTMOUNTED_RDSM) in EduOM_Test.c:533
[PID=68199][Tue Mar  1 15:22:31 2022] Error : -196608(eVOLNOTMOUNTED_RDSM) in RDsM_ReadTrain.c:90
[PID=68199][Tue Mar  1 15:22:31 2022] Error : -196608(eVOLNOTMOUNTED_RDSM) in bfm_ReadTrain.c:90
[PID=68199][Tue Mar  1 15:22:31 2022] Error : -196608(eVOLNOTMOUNTED_RDSM) in BfM_GetTrain.c:113
[PID=68199][Tue Mar  1 15:22:31 2022] Error : -196608(eVOLNOTMOUNTED_RDSM) in EduOM_Test.c:533
[PID=68199][Tue Mar  1 15:22:31 2022] Error : -196608(eVOLNOTMOUNTED_RDSM) in RDsM_ReadTrain.c:90
[PID=68199][Tue Mar  1 15:22:31 2022] Error : -196608(eVOLNOTMOUNTED_RDSM) in bfm_ReadTrain.c:90
[PID=68199][Tue Mar  1 15:22:31 2022] Error : -196608(eVOLNOTMOUNTED_RDSM) in BfM_GetTrain.c:113
[PID=68199][Tue Mar  1 15:22:31 2022] Error : -196608(eVOLNOTMOUNTED_RDSM) in EduOM_Test.c:589
[PID=68199][Tue Mar  1 15:22:31 2022] Error : -196608(eVOLNOTMOUNTED_RDSM) in RDsM_ReadTrain.c:90
[PID=68199][Tue Mar  1 15:22:31 2022] Error : -196608(eVOLNOTMOUNTED_RDSM) in bfm_ReadTrain.c:90
[PID=68199][Tue Mar  1 15:22:31 2022] Error : -196608(eVOLNOTMOUNTED_RDSM) in BfM_GetTrain.c:113
[PID=68199][Tue Mar  1 15:22:31 2022] Error : -196608(eVOLNOTMOUNTED_RDSM) in EduOM_Test.c:533
[PID=68199][Tue Mar  1 15:22:31 2022] Error : -196608(eVOLNOTMOUNTED_RDSM) in RDsM_ReadTrain.c:90
[PID=68199][Tue Mar  1 15:22:31 2022] Error : -196608(eVOLNOTMOUNTED_RDSM) in bfm_ReadTrain.c:90
[PID=68199][Tue Mar  1 15:22:31 2022] Error : -196608(eVOLNOTMOUNTED_RDSM) in BfM_GetTrain.c:113
[PID=68199][Tue Mar  1 15:22:31 2022] Error : -196608(eVOLNOTMOUNTED_RDSM) in EduOM_Test.c:533
[PID=68199][Tue Mar  1 15:22:31 2022] Error : -196608(eVOLNOTMOUNTED_RDSM) in RDsM_ReadTrain.c:90
[PID=68199][Tue Mar  1 15:22:31 2022] Error : -196608(eVOLNOTMOUNTED_RDSM) in bfm_ReadTrain.c:90
[PID=68199][Tue Mar  1 15:22:31 2022] Error : -196608(eVOLNOTMOUNTED_RDSM) in BfM_GetTrain.c:113
[PID=68199][Tue Mar  1 15:22:31 2022] Error : -196608(eVOLNOTMOUNTED_RDSM) in EduOM_Test.c:533
[PID=68199][Tue Mar  1 15:22:31 2022] Error : -196608(eVOLNOTMOUNTED_RDSM) in RDsM_ReadTrain.c:90
[PID=68199][Tue Mar  1 15:22:31 2022] Error : -196608(eVOLNOTMOUNTED_RDSM) in bfm_ReadTrain.c:90
[PID=68199][Tue Mar  1 15:22:31 2022] Error : -196608(eVOLNOTMOUNTED_RDSM) in BfM_GetTrain.c:113
[PID=68199][Tue Mar  1 15:22:31 2022] Error : -196608(eVOLNOTMOUNTED_RDSM) in EduOM_Test.c:634
[PID=68199][Tue Mar  1 15:22:31 2022] Error : -196608(eVOLNOTMOUNTED_RDSM) in RDsM_ReadTrain.c:90
[PID=68199][Tue Mar  1 15:22:31 2022] Error : -196608(eVOLNOTMOUNTED_RDSM) in bfm_ReadTrain.c:90
[PID=68199][Tue Mar  1 15:22:31 2022] Error : -196608(eVOLNOTMOUNTED_RDSM) in BfM_GetTrain.c:113
[PID=68199][Tue Mar  1 15:22:31 2022] Error : -196608(eVOLNOTMOUNTED_RDSM) in EduOM_Test.c:533
[PID=68199][Tue Mar  1 15:22:31 2022] Error : -1(Unix error code) in EduOM_Test.c:262
[PID=68199][Tue Mar  1 15:22:31 2022] Error : -589829(eNOLOGGEDTRANSACTION_RM) in RM_Transaction.c:311
[PID=68199][Tue Mar  1 15:22:31 2022] Error : -589829(eNOLOGGEDTRANSACTION_RM) in SM_Transaction.c:258
[PID=68199][Tue Mar  1 15:22:31 2022] Error : -589829(eNOLOGGEDTRANSACTION_RM) in SM_ThinLayer.c:761
[PID=68199][Tue Mar  1 15:22:31 2022] Error : -589829(eNOLOGGEDTRANSACTION_RM) in LRDS_Transaction.c:133
[PID=68357][Tue Mar  1 15:22:42 2022] Error : -196608(eVOLNOTMOUNTED_RDSM) in RDsM_ReadTrain.c:90
[PID=68357][Tue Mar  1 15:22:42 2022] Error : -196608(eVOLNOTMOUNTED_RDSM) in bfm_ReadTrain.c:90
[PID=68357][Tue Mar  1 15:22:42 2022] Error : -196608(eVOLNOTMOUNTED_RDSM) in BfM_GetTrain.c:113
[PID=68357][Tue Mar  1 15:22:42 2022] Error : -196608(eVOLNOTMOUNTED_RDSM) in EduOM_Test.c:533
[PID=68357][Tue Mar  1 15:22:42 2022] Error : -196608(eVOLNOTMOUNTED_RDSM) in RDsM_ReadTrain.c:90
[PID=68357][Tue Mar  1 15:22:42 2022] Error : -196608(eVOLNOTMOUNTED_RDSM) in bfm_ReadTrain.c:90
[PID=68357][Tue Mar  1 15:22:42 2022] Error : -196608(eVOLNOTMOUNTED_RDSM) in BfM_GetTrain.c:113
[PID=68357][Tue Mar  1 15:22:42 2022] Error : -196608(eVOLNOTMOUNTED_RDSM) in EduOM_Test.c:533
[PID=68357][Tue Mar  1 15:22:42 2022] Error : -196608(eVOLNOTMOUNTED_RDSM) in RDsM_ReadTrain.c:90
[PID=68357][Tue Mar  1 15:22:42 2022] Error : -196608(eVOLNOTMOUNTED_RDSM) in bfm_ReadTrain.c:90
[PID=68357][Tue Mar  1 15:22:42 2022] Error : -196608(eVOLNOTMOUNTED_RDSM) in BfM_GetTrain.c:113
[PID=68357][Tue Mar  1 15:22:42 2022] Error : -196608(eVOLNOTMOUNTED_RDSM) in EduOM_Test.c:589
[PID=68357][Tue Mar  1 15:22:42 2022] Error : -196608(eVOLNOTMOUNTED_RDSM) in RDsM_ReadTrain.c:90
[PID=68357][Tue Mar  1 15:22:42 2022] Error : -196608(eVOLNOTMOUNTED_RDSM) in bfm_ReadTrain.c:90
[PID=68357][Tue Mar  1 15:22:42 2022] Error : -196608(eVOLNOTMOUNTED_RDSM) in BfM_GetTrain.c:113
[PID=68357][Tue Mar  1 15:22:42 2022] Error : -196608(eVOLNOTMOUNTED_RDSM) in EduOM_Test.c:533
[PID=68357][Tue Mar  1 15:22:42 2022] Error : -196608(eVOLNOTMOUNTED_RDSM) in RDsM_ReadTrain.c:90
[PID=68357][Tue Mar  1 15:22:42 2022] Error : -196608(eVOLNOTMOUNTED_RDSM) in bfm_ReadTrain.c:90
[PID=68357][Tue Mar  1 15:22:42 2022] Error : -196608(eVOLNOTMOUNTED_RDSM) in BfM_GetTrain.c:113
[PID=68357][Tue Mar  1 15:22:42 2022] Error : -196608(eVOLNOTMOUNTED_RDSM) in EduOM_Test.c:533
[PID=68357][Tue Mar  1 15:22:42 2022] Error : -196608(eVOLNOTMOUNTED_RDSM) in RDsM_ReadTrain.c:90
[PID=68357][Tue Mar  1 15:22:42 2022] Error : -196608(eVOLNOTMOUNTED_RDSM) in bfm_ReadTrain.c:90
[PID=68357][Tue Mar  1 15:22:42 2022] Error : -196608(eVOLNOTMOUNTED_RDSM) in BfM_GetTrain.c:113
[PID=68357][Tue Mar  1 15:22:42 2022] Error : -196608(eVOLNOTMOUNTED_RDSM) in EduOM_Test.c:533
[PID=68357][Tue Mar  1 15:22:42 2022] Error : -196608(eVOLNOTMOUNTED_RDSM) in RDsM_ReadTrain.c:90
[PID=68357][Tue Mar  1 15:22:42 2022] Error : -196608(eVOLNOTMOUNTED_RDSM) in bfm_ReadTrain.c:90
[PID=68357][Tue Mar  1 15:22:42 2022] Error : -196608(eVOLNOTMOUNTED_RDSM) in BfM_GetTrain.c:113
[PID=68357][Tue Mar  1 15:22:42 2022] Error : -196608(eVOLNOTMOUNTED_RDSM) in EduOM_Test.c:634
[PID=68357][Tue Mar  1 15:22:42 2022] Error : -196608(eVOLNOTMOUNTED_RDSM) in RDsM_ReadTrain.c:90
[PID=68357][Tue Mar  1 15:22:42 2022] Error : -196608(eVOLNOTMOUNTED_RDSM) in bfm_ReadTrain.c:90
[PID=68357][Tue Mar  1 15:22:42 2022] Error : -196608(eVOLNOTMOUNTED_RDSM) in BfM_GetTrain.c:113
[PID=68357][Tue Mar  1 15:22:42 2022] Error : -196608(eVOLNOTMOUNTED_RDSM) in EduOM_Test.c:533
[PID=68357][Tue Mar  1 15:22:42 2022] Error : -1(Unix error code) in EduOM_Test.c:262
[PID=68357][Tue Mar  1 15:22:42 2022] Error : -589829(eNOLOGGEDTRANSACTION_RM) in RM_Transaction.c:311
[PID=68357][Tue Mar  1 15:22:42 2022] Error : -589829(eNOLOGGEDTRANSACTION_RM) in SM_Transaction.c:258
[PID=68357][Tue Mar  1 15:22:42 2022] Error : -589829(eNOLOGGEDTRANSACTION_RM) in SM_ThinLayer.c:761
[PID=68357][Tue Mar  1 15:22:42 2022] Error : -589829(eNOLOGGEDTRANSACTION_RM) in LRDS_Transaction.c:133
[PID=68571][Tue Mar  1 15:23:00 2022] Error : -196608(eVOLNOTMOUNTED_RDSM) in RDsM_ReadTrain.c:90
[PID=68571][Tue Mar  1 15:23:00 2022] Error : -196608(eVOLNOTMOUNTED_RDSM) in bfm_ReadTrain.c:90
[PID=68571][Tue Mar  1 15:23:00 2022] Error : -196608(eVOLNOTMOUNTED_RDSM) in BfM_GetTrain.c:113
[PID=68571][Tue Mar  1 15:23:00 2022] Error : -196608(eVOLNOTMOUNTED_RDSM) in EduOM_Test.c:533
[PID=68571][Tue Mar  1 15:23:00 2022] Error : -196608(eVOLNOTMOUNTED_RDSM) in RDsM_ReadTrain.c:90
[PID=68571][Tue Mar  1 15:23:00 2022] Error : -196608(eVOLNOTMOUNTED_RDSM) in bfm_ReadTrain.c:90
[PID=68571][Tue Mar  1 15:23:00 2022] Error : -196608(eVOLNOTMOUNTED_RDSM) in BfM_GetTrain.c:113
[PID=68571][Tue Mar  1 15:23:00 2022] Error : -196608(eVOLNOTMOUNTED_RDSM) in EduOM_Test.c:533
[PID=68571][Tue Mar  1 15:23:00 2022] Error : -196608(eVOLNOTMOUNTED_RDSM) in RDsM_ReadTrain.c:90
[PID=68571][Tue Mar  1 15:23:00 2022] Error : -196608(eVOLNOTMOUNTED_RDSM) in bfm_ReadTrain.c:90
[PID=68571][Tue Mar  1 15:23:00 2022] Error : -196608(eVOLNOTMOUNTED_RDSM) in BfM_GetTrain.c:113
[PID=68571][Tue Mar  1 15:23:00 2022] Error : -196608(eVOLNOTMOUNTED_RDSM) in EduOM_Test.c:589
[PID=68571][Tue Mar  1 15:23:00 2022] Error : -196608(eVOLNOTMOUNTED_RDSM) in RDsM_ReadTrain.c:90
[PID=68571][Tue Mar  1 15:23:00 2022] Error : -196608(eVOLNOTMOUNTED_RDSM) in bfm_ReadTrain.c:90
[PID=68571][Tue Mar  1 15:23:00 2022] Error : -196608(eVOLNOTMOUNTED_RDSM) in BfM_GetTrain.c:113
[PID=68571][Tue Mar  1 15:23:00 2022] Error : -196608(eVOLNOTMOUNTED_RDSM) in EduOM_Test.c:533
[PID=68571][Tue Mar  1 15:23:00 2022] Error : -196608(eVOLNOTMOUNTED_RDSM) in RDsM_ReadTrain.c:90
[PID=68571][Tue Mar  1 15:23:00 2022] Error : -196608(eVOLNOTMOUNTED_RDSM) in bfm_ReadTrain.c:90
[PID=68571][Tue Mar  1 15:23:00 2022] Error : -196608(eVOLNOTMOUNTED_RDSM) in BfM_GetTrain.c:113
[PID=68571][Tue Mar  1 15:23:00 2022] Error : -196608(eVOLNOTMOUNTED_RDSM) in EduOM_Test.c:533
[PID=68571][Tue Mar  1 15:23:00 2022] Error : -196608(eVOLNOTMOUNTED_RDSM) in RDsM_ReadTrain.c:90
[PID=68571][Tue Mar  1 15:23:00 2022] Error : -196608(eVOLNOTMOUNTED_RDSM) in bfm_ReadTrain.c:90
[PID=68571][Tue Mar  1 15:23:00 2022] Error : -196608(eVOLNOTMOUNTED_RDSM) in BfM_GetTrain.c:113
[PID=68571][Tue Mar  1 15:23:00 2022] Error : -196608(eVOLNOTMOUNTED_RDSM) in EduOM_Test.c:533
[PID=68571][Tue Mar  1 15:23:00 2022] Error : -196608(eVOLNOTMOUNTED_RDSM) in RDsM_ReadTrain.c:90
[PID=68571][Tue Mar  1 15:23:00 2022] Error : -196608(eVOLNOTMOUNTED_RDSM) in bfm_ReadTrain.c:90
[PID=68571][Tue Mar  1 15:23:00 2022] Error : -196608(eVOLNOTMOUNTED_RDSM) in BfM_GetTrain.c:113
[PID=68571][Tue Mar  1 15:23:00 2022] Error : -196608(eVOLNOTMOUNTED_RDSM) in EduOM_Test.c:634
[PID=68571][Tue Mar  1 15:23:00 2022] Error : -196608(eVOLNOTMOUNTED_RDSM) in RDsM_ReadTrain.c:90
[PID=68571][Tue Mar  1 15:23:00 2022] Error : -196608(eVOLNOTMOUNTED_RDSM) in bfm_ReadTrain.c:90
[PID=68571][Tue Mar  1 15:23:00 2022] Error : -196608(eVOLNOTMOUNTED_RDSM) in BfM_GetTrain.c:113
[PID=68571][Tue Mar  1 15:23:00 2022] Error : -196608(eVOLNOTMOUNTED_RDSM) in EduOM_Test.c:533
[PID=68571][Tue Mar  1 15:23:00 2022] Error : -1(Unix error code) in EduOM_Test.c:262
[PID=68571][Tue Mar  1 15:23:00 2022] Error : -589829(eNOLOGGEDTRANSACTION_RM) in RM_Transaction.c:311
[PID=68571][Tue Mar  1 15:23:00 2022] Error : -589829(eNOLOGGEDTRANSACTION_RM) in SM_Transaction.c:258
[PID=68571][Tue Mar  1 15:23:00 2022] Error : -589829(eNOLOGGEDTRANSACTION_RM) in SM_ThinLayer.c:761
[PID=68571][Tue Mar  1 15:23:00 2022] Error : -589829(eNOLOGGEDTRANSACTION_RM) in LRDS_Transaction.c:133
[PID=68743][Tue Mar  1 15:23:13 2022] Error : -196608(eVOLNOTMOUNTED_RDSM) in RDsM_ReadTrain.c:90
[PID=68743][Tue Mar  1 15:23:13 2022] Error : -196608(eVOLNOTMOUNTED_RDSM) in bfm_ReadTrain.c:90
[PID=68743][Tue Mar  1 15:23:13 2022] Error : -196608(eVOLNOTMOUNTED_RDSM) in BfM_GetTrain.c:113
[PID=68743][Tue Mar  1 15:23:13 2022] Error : -196608(eVOLNOTMOUNTED_RDSM) in EduOM_Test.c:533
[PID=68743][Tue Mar  1 15:23:13 2022] Error : -196608(eVOLNOTMOUNTED_RDSM) in RDsM_ReadTrain.c:90
[PID=68743][Tue Mar  1 15:23:13 2022] Error : -196608(eVOLNOTMOUNTED_RDSM) in bfm_ReadTrain.c:90
[PID=68743][Tue Mar  1 15:23:13 2022] Error : -196608(eVOLNOTMOUNTED_RDSM) in BfM_GetTrain.c:113
[PID=68743][Tue Mar  1 15:23:13 2022] Error : -196608(eVOLNOTMOUNTED_RDSM) in EduOM_Test.c:533
[PID=68743][Tue Mar  1 15:23:13 2022] Error : -196608(eVOLNOTMOUNTED_RDSM) in RDsM_ReadTrain.c:90
[PID=68743][Tue Mar  1 15:23:13 2022] Error : -196608(eVOLNOTMOUNTED_RDSM) in bfm_ReadTrain.c:90
[PID=68743][Tue Mar  1 15:23:13 2022] Error : -196608(eVOLNOTMOUNTED_RDSM) in BfM_GetTrain.c:113
[PID=68743][Tue Mar  1 15:23:13 2022] Error : -196608(eVOLNOTMOUNTED_RDSM) in EduOM_Test.c:589
[PID=68743][Tue Mar  1 15:23:13 2022] Error : -196608(eVOLNOTMOUNTED_RDSM) in RDsM_ReadTrain.c:90
[PID=68743][Tue Mar  1 15:23:13 2022] Error : -196608(eVOLNOTMOUNTED_RDSM) in bfm_ReadTrain.c:90
[PID=68743][Tue Mar  1 15:23:13 2022] Error : -196608(eVOLNOTMOUNTED_RDSM) in BfM_GetTrain.c:113
[PID=68743][Tue Mar  1 15:23:13 2022] Error : -196608(eVOLNOTMOUNTED_RDSM) in EduOM_Test.c:533
[PID=68743][Tue Mar  1 15:23:13 2022] Error : -196608(eVOLNOTMOUNTED_RDSM) in RDsM_ReadTrain.c:90
[PID=68743][Tue Mar  1 15:23:13 2022] Error : -196608(eVOLNOTMOUNTED_RDSM) in bfm_ReadTrain.c:90
[PID=68743][Tue Mar  1 15:23:13 2022] Error : -196608(eVOLNOTMOUNTED_RDSM) in BfM_GetTrain.c:113
[PID=68743][Tue Mar  1 15:23:13 2022] Error : -196608(eVOLNOTMOUNTED_RDSM) in EduOM_Test.c:533
[PID=68743][Tue Mar  1 15:23:13 2022] Error : -196608(eVOLNOTMOUNTED_RDSM) in RDsM_ReadTrain.c:90
[PID=68743][Tue Mar  1 15:23:13 2022] Error : -196608(eVOLNOTMOUNTED_RDSM) in bfm_ReadTrain.c:90
[PID=68743][Tue Mar  1 15:23:13 2022] Error : -196608(eVOLNOTMOUNTED_RDSM) in BfM_GetTrain.c:113
[PID=68743][Tue Mar  1 15:23:13 2022] Error : -196608(eVOLNOTMOUNTED_RDSM) in EduOM_Test.c:533
[PID=68743][Tue Mar  1 15:23:13 2022] Error : -196608(eVOLNOTMOUNTED_RDSM) in RDsM_ReadTrain.c:90
[PID=68743][Tue Mar  1 15:23:13 2022] Error : -196608(eVOLNOTMOUNTED_RDSM) in bfm_ReadTrain.c:90
[PID=68743][Tue Mar  1 15:23:13 2022] Error : -196608(eVOLNOTMOUNTED_RDSM) in BfM_GetTrain.c:113
[PID=68743][Tue Mar  1 15:23:13 2022] Error : -196608(eVOLNOTMOUNTED_RDSM) in EduOM_Test.c:634
[PID=68743][Tue Mar  1 15:23:13 2022] Error : -196608(eVOLNOTMOUNTED_RDSM) in RDsM_ReadTrain.c:90
[PID=68743][Tue Mar  1 15:23:13 2022] Error : -196608(eVOLNOTMOUNTED_RDSM) in bfm_ReadTrain.c:90
[PID=68743][Tue Mar  1 15:23:13 2022] Error : -196608(eVOLNOTMOUNTED_RDSM) in BfM_GetTrain.c:113
[PID=68743][Tue Mar  1 15:23:13 2022] Error : -196608(eVOLNOTMOUNTED_RDSM) in EduOM_Test.c:533
[PID=68743][Tue Mar  1 15:23:13 2022] Error : -1(Unix error code) in EduOM_Test.c:262
[PID=68743][Tue Mar  1 15:23:13 2022] Error : -589829(eNOLOGGEDTRANSACTION_RM) in RM_Transaction.c:311
[PID=68743][Tue Mar  1 15:23:13 2022] Error : -589829(eNOLOGGEDTRANSACTION_RM) in SM_Transaction.c:258
[PID=68743][Tue Mar  1 15:23:13 2022] Error : -589829(eNOLOGGEDTRANSACTION_RM) in SM_ThinLayer.c:761
[PID=68743][Tue Mar  1 15:23:13 2022] Error : -589829(eNOLOGGEDTRANSACTION_RM) in LRDS_Transaction.c:133
[PID=71852][Tue Mar  1 15:28:29 2022] Error : -196608(eVOLNOTMOUNTED_RDSM) in RDsM_ReadTrain.c:90
[PID=71852][Tue Mar  1 15:28:29 2022] Error : -196608(eVOLNOTMOUNTED_RDSM) in bfm_ReadTrain.c:90
[PID=71852][Tue Mar  1 15:28:29 2022] Error : -196608(eVOLNOTMOUNTED_RDSM) in BfM_GetTrain.c:113
[PID=71852][Tue Mar  1 15:28:29 2022] Error : -196608(eVOLNOTMOUNTED_RDSM) in EduOM_Test.c:533
[PID=71852][Tue Mar  1 15:28:29 2022] Error : -196608(eVOLNOTMOUNTED_RDSM) in RDsM_ReadTrain.c:90
[PID=71852][Tue Mar  1 15:28:29 2022] Error : -196608(eVOLNOTMOUNTED_RDSM) in bfm_ReadTrain.c:90
[PID=71852][Tue Mar  1 15:28:29 2022] Error : -196608(eVOLNOTMOUNTED_RDSM) in BfM_GetTrain.c:113
[PID=71852][Tue Mar  1 15:28:29 2022] Error : -196608(eVOLNOTMOUNTED_RDSM) in EduOM_Test.c:533
[PID=71852][Tue Mar  1 15:28:29 2022] Error : -196608(eVOLNOTMOUNTED_RDSM) in RDsM_ReadTrain.c:90
[PID=71852][Tue Mar  1 15:28:29 2022] Error : -196608(eVOLNOTMOUNTED_RDSM) in bfm_ReadTrain.c:90
[PID=71852][Tue Mar  1 15:28:29 2022] Error : -196608(eVOLNOTMOUNTED_RDSM) in BfM_GetTrain.c:113
[PID=71852][Tue Mar  1 15:28:29 2022] Error : -196608(eVOLNOTMOUNTED_RDSM) in EduOM_Test.c:589
[PID=71852][Tue Mar  1 15:28:29 2022] Error : -196608(eVOLNOTMOUNTED_RDSM) in RDsM_ReadTrain.c:90
[PID=71852][Tue Mar  1 15:28:29 2022] Error : -196608(eVOLNOTMOUNTED_RDSM) in bfm_ReadTrain.c:90
[PID=71852][Tue Mar  1 15:28:29 2022] Error : -196608(eVOLNOTMOUNTED_RDSM) in BfM_GetTrain.c:113
[PID=71852][Tue Mar  1 15:28:29 2022] Error : -196608(eVOLNOTMOUNTED_RDSM) in EduOM_Test.c:533
[PID=71852][Tue Mar  1 15:28:29 2022] Error : -196608(eVOLNOTMOUNTED_RDSM) in RDsM_ReadTrain.c:90
[PID=71852][Tue Mar  1 15:28:29 2022] Error : -196608(eVOLNOTMOUNTED_RDSM) in bfm_ReadTrain.c:90
[PID=71852][Tue Mar  1 15:28:29 2022] Error : -196608(eVOLNOTMOUNTED_RDSM) in BfM_GetTrain.c:113
[PID=71852][Tue Mar  1 15:28:29 2022] Error : -196608(eVOLNOTMOUNTED_RDSM) in EduOM_Test.c:533
[PID=71852][Tue Mar  1 15:28:29 2022] Error : -196608(eVOLNOTMOUNTED_RDSM) in RDsM_ReadTrain.c:90
[PID=71852][Tue Mar  1 15:28:29 2022] Error : -196608(eVOLNOTMOUNTED_RDSM) in bfm_ReadTrain.c:90
[PID=71852][Tue Mar  1 15:28:29 2022] Error : -196608(eVOLNOTMOUNTED_RDSM) in BfM_GetTrain.c:113
[PID=71852][Tue Mar  1 15:28:29 2022] Error : -196608(eVOLNOTMOUNTED_RDSM) in EduOM_Test.c:533
[PID=71852][Tue Mar  1 15:28:29 2022] Error : -196608(eVOLNOTMOUNTED_RDSM) in RDsM_ReadTrain.c:90
[PID=71852][Tue Mar  1 15:28:29 2022] Error : -196608(eVOLNOTMOUNTED_RDSM) in bfm_ReadTrain.c:90
[PID=71852][Tue Mar  1 15:28:29 2022] Error : -196608(eVOLNOTMOUNTED_RDSM) in BfM_GetTrain.c:113
[PID=71852][Tue Mar  1 15:28:29 2022] Error : -196608(eVOLNOTMOUNTED_RDSM) in EduOM_Test.c:634
[PID=71852][Tue Mar  1 15:28:29 2022] Error : -196608(eVOLNOTMOUNTED_RDSM) in RDsM_ReadTrain.c:90
[PID=71852][Tue Mar  1 15:28:29 2022] Error : -196608(eVOLNOTMOUNTED_RDSM) in bfm_ReadTrain.c:90
[PID=71852][Tue Mar  1 15:28:29 2022] Error : -196608(eVOLNOTMOUNTED_RDSM) in BfM_GetTrain.c:113
[PID=71852][Tue Mar  1 15:28:29 2022] Error : -196608(eVOLNOTMOUNTED_RDSM) in EduOM_Test.c:533
[PID=71852][Tue Mar  1 15:28:29 2022] Error : -1(Unix error code) in EduOM_Test.c:262
[PID=71852][Tue Mar  1 15:28:29 2022] Error : -589829(eNOLOGGEDTRANSACTION_RM) in RM_Transaction.c:311
[PID=71852][Tue Mar  1 15:28:29 2022] Error : -589829(eNOLOGGEDTRANSACTION_RM) in SM_Transaction.c:258
[PID=71852][Tue Mar  1 15:28:29 2022] Error : -589829(eNOLOGGEDTRANSACTION_RM) in SM_ThinLayer.c:761
[PID=71852][Tue Mar  1 15:28:29 2022] Error : -589829(eNOLOGGEDTRANSACTION_RM) in LRDS_Transaction.c:133
[PID=73460][Tue Mar  1 15:31:24 2022] Error : -196608(eVOLNOTMOUNTED_RDSM) in RDsM_ReadTrain.c:90
[PID=73460][Tue Mar  1 15:31:24 2022] Error : -196608(eVOLNOTMOUNTED_RDSM) in bfm_ReadTrain.c:90
[PID=73460][Tue Mar  1 15:31:24 2022] Error : -196608(eVOLNOTMOUNTED_RDSM) in BfM_GetTrain.c:113
[PID=73460][Tue Mar  1 15:31:24 2022] Error : -196608(eVOLNOTMOUNTED_RDSM) in EduOM_Test.c:533
[PID=73460][Tue Mar  1 15:31:24 2022] Error : -196608(eVOLNOTMOUNTED_RDSM) in RDsM_ReadTrain.c:90
[PID=73460][Tue Mar  1 15:31:24 2022] Error : -196608(eVOLNOTMOUNTED_RDSM) in bfm_ReadTrain.c:90
[PID=73460][Tue Mar  1 15:31:24 2022] Error : -196608(eVOLNOTMOUNTED_RDSM) in BfM_GetTrain.c:113
[PID=73460][Tue Mar  1 15:31:24 2022] Error : -196608(eVOLNOTMOUNTED_RDSM) in EduOM_Test.c:533
[PID=73460][Tue Mar  1 15:31:24 2022] Error : -196608(eVOLNOTMOUNTED_RDSM) in RDsM_ReadTrain.c:90
[PID=73460][Tue Mar  1 15:31:24 2022] Error : -196608(eVOLNOTMOUNTED_RDSM) in bfm_ReadTrain.c:90
[PID=73460][Tue Mar  1 15:31:24 2022] Error : -196608(eVOLNOTMOUNTED_RDSM) in BfM_GetTrain.c:113
[PID=73460][Tue Mar  1 15:31:24 2022] Error : -196608(eVOLNOTMOUNTED_RDSM) in EduOM_Test.c:589
[PID=73460][Tue Mar  1 15:31:24 2022] Error : -196608(eVOLNOTMOUNTED_RDSM) in RDsM_ReadTrain.c:90
[PID=73460][Tue Mar  1 15:31:24 2022] Error : -196608(eVOLNOTMOUNTED_RDSM) in bfm_ReadTrain.c:90
[PID=73460][Tue Mar  1 15:31:24 2022] Error : -196608(eVOLNOTMOUNTED_RDSM) in BfM_GetTrain.c:113
[PID=73460][Tue Mar  1 15:31:24 2022] Error : -196608(eVOLNOTMOUNTED_RDSM) in EduOM_Test.c:533
[PID=73460][Tue Mar  1 15:31:24 2022] Error : -196608(eVOLNOTMOUNTED_RDSM) in RDsM_ReadTrain.c:90
[PID=73460][Tue Mar  1 15:31:24 2022] Error : -196608(eVOLNOTMOUNTED_RDSM) in bfm_ReadTrain.c:90
[PID=73460][Tue Mar  1 15:31:24 2022] Error : -196608(eVOLNOTMOUNTED_RDSM) in BfM_GetTrain.c:113
[PID=73460][Tue Mar  1 15:31:24 2022] Error : -196608(eVOLNOTMOUNTED_RDSM) in EduOM_Test.c:533
[PID=73460][Tue Mar  1 15:31:24 2022] Error : -196608(eVOLNOTMOUNTED_RDSM) in RDsM_ReadTrain.c:90
[PID=73460][Tue Mar  1 15:31:24 2022] Error : -196608(eVOLNOTMOUNTED_RDSM) in bfm_ReadTrain.c:90
[PID=73460][Tue Mar  1 15:31:24 2022] Error : -196608(eVOLNOTMOUNTED_RDSM) in BfM_GetTrain.c:113
[PID=73460][Tue Mar  1 15:31:24 2022] Error : -196608(eVOLNOTMOUNTED_RDSM) in EduOM_Test.c:533
[PID=73460][Tue Mar  1 15:31:24 2022] Error : -196608(eVOLNOTMOUNTED_RDSM) in RDsM_ReadTrain.c:90
[PID=73460][Tue Mar  1 15:31:24 2022] Error : -196608(eVOLNOTMOUNTED_RDSM) in bfm_ReadTrain.c:90
[PID=73460][Tue Mar  1 15:31:24 2022] Error : -196608(eVOLNOTMOUNTED_RDSM) in BfM_GetTrain.c:113
[PID=73460][Tue Mar  1 15:31:24 2022] Error : -196608(eVOLNOTMOUNTED_RDSM) in EduOM_Test.c:634
[PID=73460][Tue Mar  1 15:31:24 2022] Error : -196608(eVOLNOTMOUNTED_RDSM) in RDsM_ReadTrain.c:90
[PID=73460][Tue Mar  1 15:31:24 2022] Error : -196608(eVOLNOTMOUNTED_RDSM) in bfm_ReadTrain.c:90
[PID=73460][Tue Mar  1 15:31:24 2022] Error : -196608(eVOLNOTMOUNTED_RDSM) in BfM_GetTrain.c:113
[PID=73460][Tue Mar  1 15:31:24 2022] Error : -196608(eVOLNOTMOUNTED_RDSM) in EduOM_Test.c:533
[PID=73460][Tue Mar  1 15:31:24 2022] Error : -1(Unix error code) in EduOM_Test.c:262
[PID=73460][Tue Mar  1 15:31:24 2022] Error : -589829(eNOLOGGEDTRANSACTION_RM) in RM_Transaction.c:311
[PID=73460][Tue Mar  1 15:31:24 2022] Error : -589829(eNOLOGGEDTRANSACTION_RM) in SM_Transaction.c:258
[PID=73460][Tue Mar  1 15:31:24 2022] Error : -589829(eNOLOGGEDTRANSACTION_RM) in SM_ThinLayer.c:761
[PID=73460][Tue Mar  1 15:31:24 2022] Error : -589829(eNOLOGGEDTRANSACTION_RM) in LRDS_Transaction.c:133
[PID=74265][Tue Mar  1 15:32:48 2022] Error : -196608(eVOLNOTMOUNTED_RDSM) in RDsM_ReadTrain.c:90
[PID=74265][Tue Mar  1 15:32:48 2022] Error : -196608(eVOLNOTMOUNTED_RDSM) in bfm_ReadTrain.c:90
[PID=74265][Tue Mar  1 15:32:48 2022] Error : -196608(eVOLNOTMOUNTED_RDSM) in BfM_GetTrain.c:113
[PID=74265][Tue Mar  1 15:32:48 2022] Error : -196608(eVOLNOTMOUNTED_RDSM) in EduOM_Test.c:533
[PID=74265][Tue Mar  1 15:32:48 2022] Error : -196608(eVOLNOTMOUNTED_RDSM) in RDsM_ReadTrain.c:90
[PID=74265][Tue Mar  1 15:32:48 2022] Error : -196608(eVOLNOTMOUNTED_RDSM) in bfm_ReadTrain.c:90
[PID=74265][Tue Mar  1 15:32:48 2022] Error : -196608(eVOLNOTMOUNTED_RDSM) in BfM_GetTrain.c:113
[PID=74265][Tue Mar  1 15:32:48 2022] Error : -196608(eVOLNOTMOUNTED_RDSM) in EduOM_Test.c:533
[PID=74265][Tue Mar  1 15:32:48 2022] Error : -196608(eVOLNOTMOUNTED_RDSM) in RDsM_ReadTrain.c:90
[PID=74265][Tue Mar  1 15:32:48 2022] Error : -196608(eVOLNOTMOUNTED_RDSM) in bfm_ReadTrain.c:90
[PID=74265][Tue Mar  1 15:32:48 2022] Error : -196608(eVOLNOTMOUNTED_RDSM) in BfM_GetTrain.c:113
[PID=74265][Tue Mar  1 15:32:48 2022] Error : -196608(eVOLNOTMOUNTED_RDSM) in EduOM_Test.c:589
[PID=74265][Tue Mar  1 15:32:48 2022] Error : -196608(eVOLNOTMOUNTED_RDSM) in RDsM_ReadTrain.c:90
[PID=74265][Tue Mar  1 15:32:48 2022] Error : -196608(eVOLNOTMOUNTED_RDSM) in bfm_ReadTrain.c:90
[PID=74265][Tue Mar  1 15:32:48 2022] Error : -196608(eVOLNOTMOUNTED_RDSM) in BfM_GetTrain.c:113
[PID=74265][Tue Mar  1 15:32:48 2022] Error : -196608(eVOLNOTMOUNTED_RDSM) in EduOM_Test.c:533
[PID=74265][Tue Mar  1 15:32:48 2022] Error : -196608(eVOLNOTMOUNTED_RDSM) in RDsM_ReadTrain.c:90
[PID=74265][Tue Mar  1 15:32:48 2022] Error : -196608(eVOLNOTMOUNTED_RDSM) in bfm_ReadTrain.c:90
[PID=74265][Tue Mar  1 15:32:48 2022] Error : -196608(eVOLNOTMOUNTED_RDSM) in BfM_GetTrain.c:113
[PID=74265][Tue Mar  1 15:32:48 2022] Error : -196608(eVOLNOTMOUNTED_RDSM) in EduOM_Test.c:533
[PID=74265][Tue Mar  1 15:32:48 2022] Error : -196608(eVOLNOTMOUNTED_RDSM) in RDsM_ReadTrain.c:90
[PID=74265][Tue Mar  1 15:32:48 2022] Error : -196608(eVOLNOTMOUNTED_RDSM) in bfm_ReadTrain.c:90
[PID=74265][Tue Mar  1 15:32:48 2022] Error : -196608(eVOLNOTMOUNTED_RDSM) in BfM_GetTrain.c:113
[PID=74265][Tue Mar  1 15:32:48 2022] Error : -196608(eVOLNOTMOUNTED_RDSM) in EduOM_Test.c:533
[PID=74265][Tue Mar  1 15:32:48 2022] Error : -196608(eVOLNOTMOUNTED_RDSM) in RDsM_ReadTrain.c:90
[PID=74265][Tue Mar  1 15:32:48 2022] Error : -196608(eVOLNOTMOUNTED_RDSM) in bfm_ReadTrain.c:90
[PID=74265][Tue Mar  1 15:32:48 2022] Error : -196608(eVOLNOTMOUNTED_RDSM) in BfM_GetTrain.c:113
[PID=74265][Tue Mar  1 15:32:48 2022] Error : -196608(eVOLNOTMOUNTED_RDSM) in EduOM_Test.c:634
[PID=74265][Tue Mar  1 15:32:48 2022] Error : -196608(eVOLNOTMOUNTED_RDSM) in RDsM_ReadTrain.c:90
[PID=74265][Tue Mar  1 15:32:48 2022] Error : -196608(eVOLNOTMOUNTED_RDSM) in bfm_ReadTrain.c:90
[PID=74265][Tue Mar  1 15:32:48 2022] Error : -196608(eVOLNOTMOUNTED_RDSM) in BfM_GetTrain.c:113
[PID=74265][Tue Mar  1 15:32:48 2022] Error : -196608(eVOLNOTMOUNTED_RDSM) in EduOM_Test.c:533
[PID=74265][Tue Mar  1 15:32:48 2022] Error : -1(Unix error code) in EduOM_Test.c:262
[PID=74265][Tue Mar  1 15:32:48 2022] Error : -589829(eNOLOGGEDTRANSACTION_RM) in RM_Transaction.c:311
[PID=74265][Tue Mar  1 15:32:48 2022] Error : -589829(eNOLOGGEDTRANSACTION_RM) in SM_Transaction.c:258
[PID=74265][Tue Mar  1 15:32:48 2022] Error : -589829(eNOLOGGEDTRANSACTION_RM) in SM_ThinLayer.c:761
[PID=74265][Tue Mar  1 15:32:48 2022] Error : -589829(eNOLOGGEDTRANSACTION_RM) in LRDS_Transaction.c:133
[PID=186902][Thu Mar 21 15:09:23 2024] Error : -196608(eVOLNOTMOUNTED_RDSM) in RDsM_ReadTrain.c:90
[PID=186902][Thu Mar 21 15:09:23 2024] Error : -196608(eVOLNOTMOUNTED_RDSM) in bfm_ReadTrain.c:90
[PID=186902][Thu Mar 21 15:09:23 2024] Error : -196608(eVOLNOTMOUNTED_RDSM) in BfM_GetTrain.c:113
[PID=186902][Thu Mar 21 15:09:23 2024] Error : -196608(eVOLNOTMOUNTED_RDSM) in EduOM_Test.c:533
[PID=186902][Thu Mar 21 15:09:23 2024] Error : -196608(eVOLNOTMOUNTED_RDSM) in RDsM_ReadTrain.c:90
[PID=186902][Thu Mar 21 15:09:23 2024] Error : -196608(eVOLNOTMOUNTED_RDSM) in bfm_ReadTrain.c:90
[PID=186902][Thu Mar 21 15:09:23 2024] Error : -196608(eVOLNOTMOUNTED_RDSM) in BfM_GetTrain.c:113
[PID=186902][Thu Mar 21 15:09:23 2024] Error : -196608(eVOLNOTMOUNTED_RDSM) in EduOM_Test.c:533
[PID=186902][Thu Mar 21 15:09:23 2024] Error : -196608(eVOLNOTMOUNTED_RDSM) in RDsM_ReadTrain.c:90
[PID=186902][Thu Mar 21 15:09:23 2024] Error : -196608(eVOLNOTMOUNTED_RDSM) in bfm_ReadTrain.c:90
[PID=186902][Thu Mar 21 15:09:23 2024] Error : -196608(eVOLNOTMOUNTED_RDSM) in BfM_GetTrain.c:113
[PID=186902][Thu Mar 21 15:09:23 2024] Error : -196608(eVOLNOTMOUNTED_RDSM) in EduOM_Test.c:589
[PID=186902][Thu Mar 21 15:09:23 2024] Error : -196608(eVOLNOTMOUNTED_RDSM) in RDsM_ReadTrain.c:90
[PID=186902][Thu Mar 21 15:09:23 2024] Error : -196608(eVOLNOTMOUNTED_RDSM) in bfm_ReadTrain.c:90
[PID=186902][Thu Mar 21 15:09:23 2024] Error : -196608(eVOLNOTMOUNTED_RDSM) in BfM_GetTrain.c:113
[PID=186902][Thu Mar 21 15:09:23 2024] Error : -196608(eVOLNOTMOUNTED_RDSM) in EduOM_Test.c:533
[PID=186902][Thu Mar 21 15:09:23 2024] Error : -196608(eVOLNOTMOUNTED_RDSM) in RDsM_ReadTrain.c:90
[PID=186902][Thu Mar 21 15:09:23 2024] Error : -196608(eVOLNOTMOUNTED_RDSM) in bfm_ReadTrain.c:90
[PID=186902][Thu Mar 21 15:09:23 2024] Error : -196608(eVOLNOTMOUNTED_RDSM) in BfM_GetTrain.c:113
[PID=186902][Thu Mar 21 15:09:23 2024] Error : -196608(eVOLNOTMOUNTED_RDSM) in EduOM_Test.c:533
[PID=186902][Thu Mar 21 15:09:23 2024] Error : -196608(eVOLNOTMOUNTED_RDSM) in RDsM_ReadTrain.c:90
[PID=186902][Thu Mar 21 15:09:23 2024] Error : -196608(eVOLNOTMOUNTED_RDSM) in bfm_ReadTrain.c:90
[PID=186902][Thu Mar 21 15:09:23 2024] Error : -196608(eVOLNOTMOUNTED_RDSM) in BfM_GetTrain.c:113
[PID=186902][Thu Mar 21 15:09:23 2024] Error : -196608(eVOLNOTMOUNTED_RDSM) in EduOM_Test.c:533
[PID=186902][Thu Mar 21 15:09:23 2024] Error : -196608(eVOLNOTMOUNTED_RDSM) in RDsM_ReadTrain.c:90
[PID=186902][Thu Mar 21 15:09:23 2024] Error : -196608(eVOLNOTMOUNTED_RDSM) in bfm_ReadTrain.c:90
[PID=186902][Thu Mar 21 15:09:23 2024] Error : -196608(eVOLNOTMOUNTED_RDSM) in BfM_GetTrain.c:113
[PID=186902][Thu Mar 21 15:09:23 2024] Error : -196608(eVOLNOTMOUNTED_RDSM) in EduOM_Test.c:634
[PID=186902][Thu Mar 21 15:09:23 2024] Error : -196608(eVOLNOTMOUNTED_RDSM) in RDsM_ReadTrain.c:90
[PID=186902][Thu Mar 21 15:09:23 2024] Error : -196608(eVOLNOTMOUNTED_RDSM) in bfm_ReadTrain.c:90
[PID=186902][Thu Mar 21 15:09:23 2024] Error : -196608(eVOLNOTMOUNTED_RDSM) in BfM_GetTrain.c:113
[PID=186902][Thu Mar 21 15:09:23 2024] Error : -196608(eVOLNOTMOUNTED_RDSM) in EduOM_Test.c:533
[PID=186902][Thu Mar 21 15:09:23 2024] Error : -1(Unix error code) in EduOM_Test.c:262
[PID=186902][Thu Mar 21 15:09:23 2024] Error : -589829(eNOLOGGEDTRANSACTION_RM) in RM_Transaction.c:311
[PID=186902][Thu Mar 21 15:09:23 2024] Error : -589829(eNOLOGGEDTRANSACTION_RM) in SM_Transaction.c:258
[PID=186902][Thu Mar 21 15:09:23 2024] Error : -589829(eNOLOGGEDTRANSACTION_RM) in SM_ThinLayer.c:761
[PID=186902][Thu Mar 21 15:09:23 2024] Error : -589829(eNOLOGGEDTRANSACTION_RM) in LRDS_Transaction.c:133
[PID=240850][Fri Mar 29 11:47:40 2024] Error : -196618(eINVALIDPID_RDSM) in RDsM_ReadTrain.c:103
[PID=240850][Fri Mar 29 11:47:40 2024] Error : -196618(eINVALIDPID_RDSM) in bfm_ReadTrain.c:90
[PID=240850][Fri Mar 29 11:47:40 2024] Error : -196618(eINVALIDPID_RDSM) in BfM_GetTrain.c:113
[PID=240850][Fri Mar 29 11:47:40 2024] Error : -196618(eINVALIDPID_RDSM) in EduOM_Test.c:589
[PID=240850][Fri Mar 29 11:47:40 2024] Error : -393221(eBADFILEID_OM) in OM_DestroyObject.c:127
[PID=240850][Fri Mar 29 11:47:40 2024] Error : -393221(eBADFILEID_OM) in OM_DestroyObject.c:127
[PID=240850][Fri Mar 29 11:47:40 2024] Error : -393221(eBADFILEID_OM) in OM_DestroyObject.c:127
[PID=240850][Fri Mar 29 11:47:40 2024] Error : -393221(eBADFILEID_OM) in OM_DestroyObject.c:127
[PID=240850][Fri Mar 29 11:47:40 2024] Error : -393221(eBADFILEID_OM) in OM_DestroyObject.c:127
[PID=240850][Fri Mar 29 11:47:40 2024] Error : -393221(eBADFILEID_OM) in OM_DestroyObject.c:127
[PID=240850][Fri Mar 29 11:47:40 2024] Error : -393221(eBADFILEID_OM) in OM_DestroyObject.c:127
[PID=240850][Fri Mar 29 11:47:40 2024] Error : -393221(eBADFILEID_OM) in OM_DestroyObject.c:127
[PID=240850][Fri Mar 29 11:47:40 2024] Error : -393221(eBADFILEID_OM) in OM_DestroyObject.c:127
[PID=240850][Fri Mar 29 11:47:40 2024] Error : -393221(eBADFILEID_OM) in OM_DestroyObject.c:127
[PID=240850][Fri Mar 29 11:47:40 2024] Error : -393221(eBADFILEID_OM) in OM_DestroyObject.c:127
[PID=240850][Fri Mar 29 11:47:40 2024] Error : -393221(eBADFILEID_OM) in EduOM_Test.c:191
[PID=240850][Fri Mar 29 11:47:40 2024] Error : -589829(eNOLOGGEDTRANSACTION_RM) in RM_Transaction.c:311
[PID=240850][Fri Mar 29 11:47:40 2024] Error : -589829(eNOLOGGEDTRANSACTION_RM) in SM_Transaction.c:258
[PID=240850][Fri Mar 29 11:47:40 2024] Error : -589829(eNOLOGGEDTRANSACTION_RM) in SM_ThinLayer.c:761
[PID=240850][Fri Mar 29 11:47:40 2024] Error : -589829(eNOLOGGEDTRANSACTION_RM) in LRDS_Transaction.c:133
[PID=241861][Fri Mar 29 12:24:19 2024] Error : -262147(eBADHASHKEY_BFM) in BfM_GetTrain.c:160
[PID=241861][Fri Mar 29 12:24:19 2024] Error : -262147(eBADHASHKEY_BFM) in EduOM_CreateObject.c:255
[PID=241861][Fri Mar 29 12:24:19 2024] Error : -262147(eBADHASHKEY_BFM) in EduOM_CreateObject.c:116
[PID=241861][Fri Mar 29 12:24:19 2024] Error : -262147(eBADHASHKEY_BFM) in EduOM_Test.c:101
[PID=241861][Fri Mar 29 12:24:19 2024] Error : -589829(eNOLOGGEDTRANSACTION_RM) in RM_Transaction.c:311
[PID=241861][Fri Mar 29 12:24:19 2024] Error : -589829(eNOLOGGEDTRANSACTION_RM) in SM_Transaction.c:258
[PID=241861][Fri Mar 29 12:24:19 2024] Error : -589829(eNOLOGGEDTRANSACTION_RM) in SM_ThinLayer.c:761
[PID=241861][Fri Mar 29 12:24:19 2024] Error : -589829(eNOLOGGEDTRANSACTION_RM) in LRDS_Transaction.c:133
[PID=242005][Fri Mar 29 12:30:10 2024] Error : -262147(eBADHASHKEY_BFM) in BfM_GetTrain.c:160
[PID=242005][Fri Mar 29 12:30:10 2024] Error : -262147(eBADHASHKEY_BFM) in EduOM_CreateObject.c:257
[PID=242005][Fri Mar 29 12:30:10 2024] Error : -262147(eBADHASHKEY_BFM) in EduOM_CreateObject.c:116
[PID=242005][Fri Mar 29 12:30:10 2024] Error : -262147(eBADHASHKEY_BFM) in EduOM_Test.c:101
[PID=242005][Fri Mar 29 12:30:10 2024] Error : -589829(eNOLOGGEDTRANSACTION_RM) in RM_Transaction.c:311
[PID=242005][Fri Mar 29 12:30:10 2024] Error : -589829(eNOLOGGEDTRANSACTION_RM) in SM_Transaction.c:258
[PID=242005][Fri Mar 29 12:30:10 2024] Error : -589829(eNOLOGGEDTRANSACTION_RM) in SM_ThinLayer.c:761
[PID=242005][Fri Mar 29 12:30:10 2024] Error : -589829(eNOLOGGEDTRANSACTION_RM) in LRDS_Transaction.c:133
[PID=242712][Fri Mar 29 12:45:48 2024] Error : -262147(eBADHASHKEY_BFM) in BfM_GetTrain.c:160
[PID=242712][Fri Mar 29 12:45:48 2024] Error : -262147(eBADHASHKEY_BFM) in EduOM_CreateObject.c:273
[PID=242712][Fri Mar 29 12:45:48 2024] Error : -262147(eBADHASHKEY_BFM) in EduOM_CreateObject.c:116
[PID=242712][Fri Mar 29 12:45:48 2024] Error : -262147(eBADHASHKEY_BFM) in EduOM_Test.c:101
[PID=242712][Fri Mar 29 12:45:48 2024] Error : -589829(eNOLOGGEDTRANSACTION_RM) in RM_Transaction.c:311
[PID=242712][Fri Mar 29 12:45:48 2024] Error : -589829(eNOLOGGEDTRANSACTION_RM) in SM_Transaction.c:258
[PID=242712][Fri Mar 29 12:45:48 2024] Error : -589829(eNOLOGGEDTRANSACTION_RM) in SM_ThinLayer.c:761
[PID=242712][Fri Mar 29 12:45:48 2024] Error : -589829(eNOLOGGEDTRANSACTION_RM) in LRDS_Transaction.c:133
[PID=242797][Fri Mar 29 12:47:33 2024] Error : -262147(eBADHASHKEY_BFM) in BfM_GetTrain.c:160
[PID=242797][Fri Mar 29 12:47:33 2024] Error : -262147(eBADHASHKEY_BFM) in EduOM_CreateObject.c:273
[PID=242797][Fri Mar 29 12:47:33 2024] Error : -262147(eBADHASHKEY_BFM) in EduOM_CreateObject.c:116
[PID=242797][Fri Mar 29 12:47:33 2024] Error : -262147(eBADHASHKEY_BFM) in EduOM_Test.c:101
[PID=242797][Fri Mar 29 12:47:33 2024] Error : -589829(eNOLOGGEDTRANSACTION_RM) in RM_Transaction.c:311
[PID=242797][Fri Mar 29 12:47:33 2024] Error : -589829(eNOLOGGEDTRANSACTION_RM) in SM_Transaction.c:258
[PID=242797][Fri Mar 29 12:47:33 2024] Error : -589829(eNOLOGGEDTRANSACTION_RM) in SM_ThinLayer.c:761
[PID=242797][Fri Mar 29 12:47:33 2024] Error : -589829(eNOLOGGEDTRANSACTION_RM) in LRDS_Transaction.c:133
[PID=242871][Fri Mar 29 12:49:01 2024] Error : -262147(eBADHASHKEY_BFM) in BfM_GetTrain.c:160
[PID=242871][Fri Mar 29 12:49:01 2024] Error : -262147(eBADHASHKEY_BFM) in EduOM_CreateObject.c:273
[PID=242871][Fri Mar 29 12:49:01 2024] Error : -262147(eBADHASHKEY_BFM) in EduOM_CreateObject.c:116
[PID=242871][Fri Mar 29 12:49:01 2024] Error : -262147(eBADHASHKEY_BFM) in EduOM_Test.c:101
[PID=242871][Fri Mar 29 12:49:01 2024] Error : -589829(eNOLOGGEDTRANSACTION_RM) in RM_Transaction.c:311
[PID=242871][Fri Mar 29 12:49:01 2024] Error : -589829(eNOLOGGEDTRANSACTION_RM) in SM_Transaction.c:258
[PID=242871][Fri Mar 29 12:49:01 2024] Error : -589829(eNOLOGGEDTRANSACTION_RM) in SM_ThinLayer.c:761
[PID=242871][Fri Mar 29 12:49:01 2024] Error : -589829(eNOLOGGEDTRANSACTION_RM) in LRDS_Transaction.c:133
[PID=242966][Fri Mar 29 12:51:50 2024] Error : -262147(eBADHASHKEY_BFM) in BfM_GetTrain.c:160
[PID=242966][Fri Mar 29 12:51:50 2024] Error : -262147(eBADHASHKEY_BFM) in EduOM_CreateObject.c:276
[PID=242966][Fri Mar 29 12:51:50 2024] Error : -262147(eBADHASHKEY_BFM) in EduOM_CreateObject.c:116
[PID=242966][Fri Mar 29 12:51:50 2024] Error : -262147(eBADHASHKEY_BFM) in EduOM_Test.c:101
[PID=242966][Fri Mar 29 12:51:50 2024] Error : -589829(eNOLOGGEDTRANSACTION_RM) in RM_Transaction.c:311
[PID=242966][Fri Mar 29 12:51:50 2024] Error : -589829(eNOLOGGEDTRANSACTION_RM) in SM_Transaction.c:258
[PID=242966][Fri Mar 29 12:51:50 2024] Error : -589829(eNOLOGGEDTRANSACTION_RM) in SM_ThinLayer.c:761
[PID=242966][Fri Mar 29 12:51:50 2024] Error : -589829(eNOLOGGEDTRANSACTION_RM) in LRDS_Transaction.c:133
[PID=243156][Fri Mar 29 12:56:59 2024] Error : -262147(eBADHASHKEY_BFM) in BfM_GetTrain.c:160
[PID=243156][Fri Mar 29 12:56:59 2024] Error : -262147(eBADHASHKEY_BFM) in EduOM_CreateObject.c:276
[PID=243156][Fri Mar 29 12:56:59 2024] Error : -262147(eBADHASHKEY_BFM) in EduOM_CreateObject.c:116
[PID=243156][Fri Mar 29 12:56:59 2024] Error : -262147(eBADHASHKEY_BFM) in EduOM_Test.c:101
[PID=243156][Fri Mar 29 12:56:59 2024] Error : -589829(eNOLOGGEDTRANSACTION_RM) in RM_Transaction.c:311
[PID=243156][Fri Mar 29 12:56:59 2024] Error : -589829(eNOLOGGEDTRANSACTION_RM) in SM_Transaction.c:258
[PID=243156][Fri Mar 29 12:56:59 2024] Error : -589829(eNOLOGGEDTRANSACTION_RM) in SM_ThinLayer.c:761
[PID=243156][Fri Mar 29 12:56:59 2024] Error : -589829(eNOLOGGEDTRANSACTION_RM) in LRDS_Transaction.c:133
[PID=243339][Fri Mar 29 13:00:04 2024] Error : -262147(eBADHASHKEY_BFM) in BfM_GetTrain.c:160
[PID=243339][Fri Mar 29 13:00:04 2024] Error : -262147(eBADHASHKEY_BFM) in EduOM_CreateObject.c:279
[PID=243339][Fri Mar 29 13:00:04 2024] Error : -262147(eBADHASHKEY_BFM) in EduOM_CreateObject.c:117
[PID=243339][Fri Mar 29 13:00:04 2024] Error : -262147(eBADHASHKEY_BFM) in EduOM_Test.c:101
[PID=243339][Fri Mar 29 13:00:04 2024] Error : -589829(eNOLOGGEDTRANSACTION_RM) in RM_Transaction.c:311
[PID=243339][Fri Mar 29 13:00:04 2024] Error : -589829(eNOLOGGEDTRANSACTION_RM) in SM_Transaction.c:258
[PID=243339][Fri Mar 29 13:00:04 2024] Error : -589829(eNOLOGGEDTRANSACTION_RM) in SM_ThinLayer.c:761
[PID=243339][Fri Mar 29 13:00:04 2024] Error : -589829(eNOLOGGEDTRANSACTION_RM) in LRDS_Transaction.c:133
[PID=243528][Fri Mar 29 13:02:39 2024] Error : -262147(eBADHASHKEY_BFM) in BfM_GetTrain.c:160
[PID=243528][Fri Mar 29 13:02:39 2024] Error : -262147(eBADHASHKEY_BFM) in EduOM_CreateObject.c:290
[PID=243528][Fri Mar 29 13:02:39 2024] Error : -262147(eBADHASHKEY_BFM) in EduOM_CreateObject.c:116
[PID=243528][Fri Mar 29 13:02:39 2024] Error : -262147(eBADHASHKEY_BFM) in EduOM_Test.c:101
[PID=243528][Fri Mar 29 13:02:39 2024] Error : -589829(eNOLOGGEDTRANSACTION_RM) in RM_Transaction.c:311
[PID=243528][Fri Mar 29 13:02:39 2024] Error : -589829(eNOLOGGEDTRANSACTION_RM) in SM_Transaction.c:258
[PID=243528][Fri Mar 29 13:02:39 2024] Error : -589829(eNOLOGGEDTRANSACTION_RM) in SM_ThinLayer.c:761
[PID=243528][Fri Mar 29 13:02:39 2024] Error : -589829(eNOLOGGEDTRANSACTION_RM) in LRDS_Transaction.c:133
[PID=243738][Fri Mar 29 13:05:45 2024] Error : -262147(eBADHASHKEY_BFM) in BfM_GetTrain.c:160
[PID=243738][Fri Mar 29 13:05:45 2024] Error : -262147(eBADHASHKEY_BFM) in EduOM_CreateObject.c:277
[PID=243738][Fri Mar 29 13:05:45 2024] Error : -262147(eBADHASHKEY_BFM) in EduOM_CreateObject.c:116
[PID=243738][Fri Mar 29 13:05:45 2024] Error : -262147(eBADHASHKEY_BFM) in EduOM_Test.c:101
[PID=243738][Fri Mar 29 13:05:45 2024] Error : -589829(eNOLOGGEDTRANSACTION_RM) in RM_Transaction.c:311
[PID=243738][Fri Mar 29 13:05:45 2024] Error : -589829(eNOLOGGEDTRANSACTION_RM) in SM_Transaction.c:258
[PID=243738][Fri Mar 29 13:05:45 2024] Error : -589829(eNOLOGGEDTRANSACTION_RM) in SM_ThinLayer.c:761
[PID=243738][Fri Mar 29 13:05:45 2024] Error : -589829(eNOLOGGEDTRANSACTION_RM) in LRDS_Transaction.c:133
[PID=243898][Fri Mar 29 13:08:50 2024] Error : -262147(eBADHASHKEY_BFM) in BfM_GetTrain.c:160
[PID=243898][Fri Mar 29 13:08:50 2024] Error : -262147(eBADHASHKEY_BFM) in EduOM_CreateObject.c:291
[PID=243898][Fri Mar 29 13:08:50 2024] Error : -262147(eBADHASHKEY_BFM) in EduOM_CreateObject.c:116
[PID=243898][Fri Mar 29 13:08:50 2024] Error : -262147(eBADHASHKEY_BFM) in EduOM_Test.c:101
[PID=243898][Fri Mar 29 13:08:50 2024] Error : -589829(eNOLOGGEDTRANSACTION_RM) in RM_Transaction.c:311
[PID=243898][Fri Mar 29 13:08:50 2024] Error : -589829(eNOLOGGEDTRANSACTION_RM) in SM_Transaction.c:258
[PID=243898][Fri Mar 29 13:08:50 2024] Error : -589829(eNOLOGGEDTRANSACTION_RM) in SM_ThinLayer.c:761
[PID=243898][Fri Mar 29 13:08:50 2024] Error : -589829(eNOLOGGEDTRANSACTION_RM) in LRDS_Transaction.c:133
[PID=244356][Fri Mar 29 13:20:53 2024] Error : -262147(eBADHASHKEY_BFM) in BfM_GetTrain.c:160
[PID=244356][Fri Mar 29 13:20:53 2024] Error : -262147(eBADHASHKEY_BFM) in EduOM_CreateObject.c:291
[PID=244356][Fri Mar 29 13:20:53 2024] Error : -262147(eBADHASHKEY_BFM) in EduOM_CreateObject.c:116
[PID=244356][Fri Mar 29 13:20:53 2024] Error : -262147(eBADHASHKEY_BFM) in EduOM_Test.c:101
[PID=244356][Fri Mar 29 13:20:53 2024] Error : -589829(eNOLOGGEDTRANSACTION_RM) in RM_Transaction.c:311
[PID=244356][Fri Mar 29 13:20:53 2024] Error : -589829(eNOLOGGEDTRANSACTION_RM) in SM_Transaction.c:258
[PID=244356][Fri Mar 29 13:20:53 2024] Error : -589829(eNOLOGGEDTRANSACTION_RM) in SM_ThinLayer.c:761
[PID=244356][Fri Mar 29 13:20:53 2024] Error : -589829(eNOLOGGEDTRANSACTION_RM) in LRDS_Transaction.c:133
[PID=244768][Fri Mar 29 13:26:26 2024] Error : -262147(eBADHASHKEY_BFM) in BfM_GetTrain.c:160
[PID=244768][Fri Mar 29 13:26:26 2024] Error : -262147(eBADHASHKEY_BFM) in EduOM_CreateObject.c:277
[PID=244768][Fri Mar 29 13:26:26 2024] Error : -262147(eBADHASHKEY_BFM) in EduOM_CreateObject.c:116
[PID=244768][Fri Mar 29 13:26:26 2024] Error : -262147(eBADHASHKEY_BFM) in EduOM_Test.c:101
[PID=244768][Fri Mar 29 13:26:26 2024] Error : -589829(eNOLOGGEDTRANSACTION_RM) in RM_Transaction.c:311
[PID=244768][Fri Mar 29 13:26:26 2024] Error : -589829(eNOLOGGEDTRANSACTION_RM) in SM_Transaction.c:258
[PID=244768][Fri Mar 29 13:26:26 2024] Error : -589829(eNOLOGGEDTRANSACTION_RM) in SM_ThinLayer.c:761
[PID=244768][Fri Mar 29 13:26:26 2024] Error : -589829(eNOLOGGEDTRANSACTION_RM) in LRDS_Transaction.c:133
[PID=245436][Fri Mar 29 13:33:28 2024] Error : -196608(eVOLNOTMOUNTED_RDSM) in RDsM_PageIdToExtNo.c:78
[PID=245436][Fri Mar 29 13:33:28 2024] Error : -196608(eVOLNOTMOUNTED_RDSM) in EduOM_CreateObject.c:196
[PID=245436][Fri Mar 29 13:33:28 2024] Error : -196608(eVOLNOTMOUNTED_RDSM) in EduOM_CreateObject.c:116
[PID=245436][Fri Mar 29 13:33:28 2024] Error : -196608(eVOLNOTMOUNTED_RDSM) in EduOM_Test.c:137
[PID=245436][Fri Mar 29 13:33:28 2024] Error : -589829(eNOLOGGEDTRANSACTION_RM) in RM_Transaction.c:311
[PID=245436][Fri Mar 29 13:33:28 2024] Error : -589829(eNOLOGGEDTRANSACTION_RM) in SM_Transaction.c:258
[PID=245436][Fri Mar 29 13:33:28 2024] Error : -589829(eNOLOGGEDTRANSACTION_RM) in SM_ThinLayer.c:761
[PID=245436][Fri Mar 29 13:33:28 2024] Error : -589829(eNOLOGGEDTRANSACTION_RM) in LRDS_Transaction.c:133
[PID=245519][Fri Mar 29 13:34:10 2024] Error : -196608(eVOLNOTMOUNTED_RDSM) in RDsM_PageIdToExtNo.c:78
[PID=245519][Fri Mar 29 13:34:10 2024] Error : -196608(eVOLNOTMOUNTED_RDSM) in EduOM_CreateObject.c:196
[PID=245519][Fri Mar 29 13:34:10 2024] Error : -196608(eVOLNOTMOUNTED_RDSM) in EduOM_CreateObject.c:116
[PID=245519][Fri Mar 29 13:34:10 2024] Error : -196608(eVOLNOTMOUNTED_RDSM) in EduOM_Test.c:137
[PID=245519][Fri Mar 29 13:34:10 2024] Error : -589829(eNOLOGGEDTRANSACTION_RM) in RM_Transaction.c:311
[PID=245519][Fri Mar 29 13:34:10 2024] Error : -589829(eNOLOGGEDTRANSACTION_RM) in SM_Transaction.c:258
[PID=245519][Fri Mar 29 13:34:10 2024] Error : -589829(eNOLOGGEDTRANSACTION_RM) in SM_ThinLayer.c:761
[PID=245519][Fri Mar 29 13:34:10 2024] Error : -589829(eNOLOGGEDTRANSACTION_RM) in LRDS_Transaction.c:133
[PID=245684][Fri Mar 29 13:35:33 2024] Error : -196608(eVOLNOTMOUNTED_RDSM) in RDsM_PageIdToExtNo.c:78
[PID=245684][Fri Mar 29 13:35:33 2024] Error : -196608(eVOLNOTMOUNTED_RDSM) in EduOM_CreateObject.c:196
[PID=245684][Fri Mar 29 13:35:33 2024] Error : -196608(eVOLNOTMOUNTED_RDSM) in EduOM_CreateObject.c:116
[PID=245684][Fri Mar 29 13:35:33 2024] Error : -196608(eVOLNOTMOUNTED_RDSM) in EduOM_Test.c:137
[PID=245684][Fri Mar 29 13:35:33 2024] Error : -589829(eNOLOGGEDTRANSACTION_RM) in RM_Transaction.c:311
[PID=245684][Fri Mar 29 13:35:33 2024] Error : -589829(eNOLOGGEDTRANSACTION_RM) in SM_Transaction.c:258
[PID=245684][Fri Mar 29 13:35:33 2024] Error : -589829(eNOLOGGEDTRANSACTION_RM) in SM_ThinLayer.c:761
[PID=245684][Fri Mar 29 13:35:33 2024] Error : -589829(eNOLOGGEDTRANSACTION_RM) in LRDS_Transaction.c:133
[PID=245790][Fri Mar 29 13:36:06 2024] Error : -393217(eBADOBJECTID_OM) in OM_DestroyObject.c:131
[PID=245790][Fri Mar 29 13:36:06 2024] Error : -393217(eBADOBJECTID_OM) in OM_DestroyObject.c:131
[PID=245790][Fri Mar 29 13:36:06 2024] Error : -393217(eBADOBJECTID_OM) in OM_DestroyObject.c:131
[PID=245790][Fri Mar 29 13:36:06 2024] Error : -393217(eBADOBJECTID_OM) in OM_DestroyObject.c:131
[PID=245790][Fri Mar 29 13:36:06 2024] Error : -393217(eBADOBJECTID_OM) in OM_DestroyObject.c:131
[PID=245790][Fri Mar 29 13:36:06 2024] Error : -393217(eBADOBJECTID_OM) in OM_DestroyObject.c:131
[PID=245790][Fri Mar 29 13:36:06 2024] Error : -393217(eBADOBJECTID_OM) in OM_DestroyObject.c:131
[PID=245790][Fri Mar 29 13:36:06 2024] Error : -393217(eBADOBJECTID_OM) in OM_DestroyObject.c:131
[PID=245790][Fri Mar 29 13:36:06 2024] Error : -393217(eBADOBJECTID_OM) in OM_DestroyObject.c:131
[PID=245790][Fri Mar 29 13:36:06 2024] Error : -393217(eBADOBJECTID_OM) in OM_DestroyObject.c:131
[PID=245790][Fri Mar 29 13:36:06 2024] Error : -393217(eBADOBJECTID_OM) in OM_DestroyObject.c:131
[PID=245790][Fri Mar 29 13:36:06 2024] Error : -393217(eBADOBJECTID_OM) in EduOM_Test.c:191
[PID=245790][Fri Mar 29 13:36:06 2024] Error : -589829(eNOLOGGEDTRANSACTION_RM) in RM_Transaction.c:311
[PID=245790][Fri Mar 29 13:36:06 2024] Error : -589829(eNOLOGGEDTRANSACTION_RM) in SM_Transaction.c:258
[PID=245790][Fri Mar 29 13:36:06 2024] Error : -589829(eNOLOGGEDTRANSACTION_RM) in SM_ThinLayer.c:761
[PID=245790][Fri Mar 29 13:36:06 2024] Error : -589829(eNOLOGGEDTRANSACTION_RM) in LRDS_Transaction.c:133
[PID=247250][Fri Mar 29 13:52:31 2024] Error : -393217(eBADOBJECTID_OM) in OM_DestroyObject.c:131
[PID=247250][Fri Mar 29 13:52:31 2024] Error : -393217(eBADOBJECTID_OM) in OM_DestroyObject.c:131
[PID=247250][Fri Mar 29 13:52:31 2024] Error : -393217(eBADOBJECTID_OM) in OM_DestroyObject.c:131
[PID=247250][Fri Mar 29 13:52:31 2024] Error : -393217(eBADOBJECTID_OM) in OM_DestroyObject.c:131
[PID=247250][Fri Mar 29 13:52:31 2024] Error : -393217(eBADOBJECTID_OM) in OM_DestroyObject.c:131
[PID=247250][Fri Mar 29 13:52:31 2024] Error : -393217(eBADOBJECTID_OM) in OM_DestroyObject.c:131
[PID=247250][Fri Mar 29 13:52:31 2024] Error : -393217(eBADOBJECTID_OM) in OM_DestroyObject.c:131
[PID=247250][Fri Mar 29 13:52:31 2024] Error : -393217(eBADOBJECTID_OM) in OM_DestroyObject.c:131
[PID=247250][Fri Mar 29 13:52:31 2024] Error : -393217(eBADOBJECTID_OM) in OM_DestroyObject.c:131
[PID=247250][Fri Mar 29 13:52:31 2024] Error : -393217(eBADOBJECTID_OM) in OM_DestroyObject.c:131
[PID=247250][Fri Mar 29 13:52:31 2024] Error : -393217(eBADOBJECTID_OM) in OM_DestroyObject.c:131
[PID=247250][Fri Mar 29 13:52:31 2024] Error : -393217(eBADOBJECTID_OM) in EduOM_Test.c:214
[PID=247250][Fri Mar 29 13:52:31 2024] Error : -589829(eNOLOGGEDTRANSACTION_RM) in RM_Transaction.c:311
[PID=247250][Fri Mar 29 13:52:31 2024] Error : -589829(eNOLOGGEDTRANSACTION_RM) in SM_Transaction.c:258
[PID=247250][Fri Mar 29 13:52:31 2024] Error : -589829(eNOLOGGEDTRANSACTION_RM) in SM_ThinLayer.c:761
[PID=247250][Fri Mar 29 13:52:31 2024] Error : -589829(eNOLOGGEDTRANSACTION_RM) in LRDS_Transaction.c:133
[PID=247395][Fri Mar 29 13:53:19 2024] Error : -393217(eBADOBJECTID_OM) in OM_DestroyObject.c:131
[PID=247395][Fri Mar 29 13:53:19 2024] Error : -393217(eBADOBJECTID_OM) in OM_DestroyObject.c:131
[PID=247395][Fri Mar 29 13:53:19 2024] Error : -393217(eBADOBJECTID_OM) in OM_DestroyObject.c:131
[PID=247395][Fri Mar 29 13:53:19 2024] Error : -393217(eBADOBJECTID_OM) in OM_DestroyObject.c:131
[PID=247395][Fri Mar 29 13:53:19 2024] Error : -393217(eBADOBJECTID_OM) in OM_DestroyObject.c:131
[PID=247395][Fri Mar 29 13:53:19 2024] Error : -393217(eBADOBJECTID_OM) in OM_DestroyObject.c:131
[PID=247395][Fri Mar 29 13:53:19 2024] Error : -393217(eBADOBJECTID_OM) in OM_DestroyObject.c:131
[PID=247395][Fri Mar 29 13:53:19 2024] Error : -393217(eBADOBJECTID_OM) in OM_DestroyObject.c:131
[PID=247395][Fri Mar 29 13:53:19 2024] Error : -393217(eBADOBJECTID_OM) in OM_DestroyObject.c:131
[PID=247395][Fri Mar 29 13:53:19 2024] Error : -393217(eBADOBJECTID_OM) in OM_DestroyObject.c:131
[PID=247395][Fri Mar 29 13:53:19 2024] Error : -393217(eBADOBJECTID_OM) in OM_DestroyObject.c:131
[PID=247395][Fri Mar 29 13:53:19 2024] Error : -393217(eBADOBJECTID_OM) in EduOM_Test.c:214
[PID=247395][Fri Mar 29 13:53:19 2024] Error : -589829(eNOLOGGEDTRANSACTION_RM) in RM_Transaction.c:311
[PID=247395][Fri Mar 29 13:53:19 2024] Error : -589829(eNOLOGGEDTRANSACTION_RM) in SM_Transaction.c:258
[PID=247395][Fri Mar 29 13:53:19 2024] Error : -589829(eNOLOGGEDTRANSACTION_RM) in SM_ThinLayer.c:761
[PID=247395][Fri Mar 29 13:53:19 2024] Error : -589829(eNOLOGGEDTRANSACTION_RM) in LRDS_Transaction.c:133
[PID=247489][Fri Mar 29 13:57:16 2024] Error : -393217(eBADOBJECTID_OM) in OM_DestroyObject.c:131
[PID=247489][Fri Mar 29 13:57:16 2024] Error : -393217(eBADOBJECTID_OM) in OM_DestroyObject.c:131
[PID=247489][Fri Mar 29 13:57:16 2024] Error : -393217(eBADOBJECTID_OM) in OM_DestroyObject.c:131
[PID=247489][Fri Mar 29 13:57:16 2024] Error : -393217(eBADOBJECTID_OM) in OM_DestroyObject.c:131
[PID=247489][Fri Mar 29 13:57:16 2024] Error : -393217(eBADOBJECTID_OM) in OM_DestroyObject.c:131
[PID=247489][Fri Mar 29 13:57:16 2024] Error : -393217(eBADOBJECTID_OM) in OM_DestroyObject.c:131
[PID=247489][Fri Mar 29 13:57:16 2024] Error : -393217(eBADOBJECTID_OM) in OM_DestroyObject.c:131
[PID=247489][Fri Mar 29 13:57:16 2024] Error : -393217(eBADOBJECTID_OM) in OM_DestroyObject.c:131
[PID=247489][Fri Mar 29 13:57:16 2024] Error : -393217(eBADOBJECTID_OM) in OM_DestroyObject.c:131
[PID=247489][Fri Mar 29 13:57:16 2024] Error : -393217(eBADOBJECTID_OM) in OM_DestroyObject.c:131
[PID=247489][Fri Mar 29 13:57:16 2024] Error : -393217(eBADOBJECTID_OM) in OM_DestroyObject.c:131
[PID=247489][Fri Mar 29 13:57:16 2024] Error : -393217(eBADOBJECTID_OM) in EduOM_Test.c:214
[PID=247489][Fri Mar 29 13:57:16 2024] Error : -589829(eNOLOGGEDTRANSACTION_RM) in RM_Transaction.c:311
[PID=247489][Fri Mar 29 13:57:16 2024] Error : -589829(eNOLOGGEDTRANSACTION_RM) in SM_Transaction.c:258
[PID=247489][Fri Mar 29 13:57:16 2024] Error : -589829(eNOLOGGEDTRANSACTION_RM) in SM_ThinLayer.c:761
[PID=247489][Fri Mar 29 13:57:16 2024] Error : -589829(eNOLOGGEDTRANSACTION_RM) in LRDS_Transaction.c:133
[PID=247574][Fri Mar 29 13:57:49 2024] Error : -393217(eBADOBJECTID_OM) in OM_DestroyObject.c:131
[PID=247574][Fri Mar 29 13:57:49 2024] Error : -393217(eBADOBJECTID_OM) in OM_DestroyObject.c:131
[PID=247574][Fri Mar 29 13:57:49 2024] Error : -393217(eBADOBJECTID_OM) in OM_DestroyObject.c:131
[PID=247574][Fri Mar 29 13:57:49 2024] Error : -393217(eBADOBJECTID_OM) in OM_DestroyObject.c:131
[PID=247574][Fri Mar 29 13:57:49 2024] Error : -393217(eBADOBJECTID_OM) in OM_DestroyObject.c:131
[PID=247574][Fri Mar 29 13:57:49 2024] Error : -393217(eBADOBJECTID_OM) in OM_DestroyObject.c:131
[PID=247574][Fri Mar 29 13:57:49 2024] Error : -393217(eBADOBJECTID_OM) in OM_DestroyObject.c:131
[PID=247574][Fri Mar 29 13:57:49 2024] Error : -393217(eBADOBJECTID_OM) in OM_DestroyObject.c:131
[PID=247574][Fri Mar 29 13:57:49 2024] Error : -393217(eBADOBJECTID_OM) in OM_DestroyObject.c:131
[PID=247574][Fri Mar 29 13:57:49 2024] Error : -393217(eBADOBJECTID_OM) in OM_DestroyObject.c:131
[PID=247574][Fri Mar 29 13:57:49 2024] Error : -393217(eBADOBJECTID_OM) in OM_DestroyObject.c:131
[PID=247574][Fri Mar 29 13:57:49 2024] Error : -393217(eBADOBJECTID_OM) in EduOM_Test.c:214
[PID=247574][Fri Mar 29 13:57:49 2024] Error : -589829(eNOLOGGEDTRANSACTION_RM) in RM_Transaction.c:311
[PID=247574][Fri Mar 29 13:57:49 2024] Error : -589829(eNOLOGGEDTRANSACTION_RM) in SM_Transaction.c:258
[PID=247574][Fri Mar 29 13:57:49 2024] Error : -589829(eNOLOGGEDTRANSACTION_RM) in SM_ThinLayer.c:761
[PID=247574][Fri Mar 29 13:57:49 2024] Error : -589829(eNOLOGGEDTRANSACTION_RM) in LRDS_Transaction.c:133
[PID=247650][Fri Mar 29 13:58:08 2024] Error : -393217(eBADOBJECTID_OM) in OM_DestroyObject.c:131
[PID=247650][Fri Mar 29 13:58:08 2024] Error : -393217(eBADOBJECTID_OM) in OM_DestroyObject.c:131
[PID=247650][Fri Mar 29 13:58:08 2024] Error : -393217(eBADOBJECTID_OM) in OM_DestroyObject.c:131
[PID=247650][Fri Mar 29 13:58:08 2024] Error : -393217(eBADOBJECTID_OM) in OM_DestroyObject.c:131
[PID=247650][Fri Mar 29 13:58:08 2024] Error : -393217(eBADOBJECTID_OM) in OM_DestroyObject.c:131
[PID=247650][Fri Mar 29 13:58:08 2024] Error : -393217(eBADOBJECTID_OM) in OM_DestroyObject.c:131
[PID=247650][Fri Mar 29 13:58:08 2024] Error : -393217(eBADOBJECTID_OM) in OM_DestroyObject.c:131
[PID=247650][Fri Mar 29 13:58:08 2024] Error : -393217(eBADOBJECTID_OM) in OM_DestroyObject.c:131
[PID=247650][Fri Mar 29 13:58:08 2024] Error : -393217(eBADOBJECTID_OM) in OM_DestroyObject.c:131
[PID=247650][Fri Mar 29 13:58:08 2024] Error : -393217(eBADOBJECTID_OM) in OM_DestroyObject.c:131
[PID=247650][Fri Mar 29 13:58:08 2024] Error : -393217(eBADOBJECTID_OM) in OM_DestroyObject.c:131
[PID=247650][Fri Mar 29 13:58:08 2024] Error : -393217(eBADOBJECTID_OM) in EduOM_Test.c:214
[PID=247650][Fri Mar 29 13:58:08 2024] Error : -589829(eNOLOGGEDTRANSACTION_RM) in RM_Transaction.c:311
[PID=247650][Fri Mar 29 13:58:08 2024] Error : -589829(eNOLOGGEDTRANSACTION_RM) in SM_Transaction.c:258
[PID=247650][Fri Mar 29 13:58:08 2024] Error : -589829(eNOLOGGEDTRANSACTION_RM) in SM_ThinLayer.c:761
[PID=247650][Fri Mar 29 13:58:08 2024] Error : -589829(eNOLOGGEDTRANSACTION_RM) in LRDS_Transaction.c:133
[PID=247841][Fri Mar 29 14:00:43 2024] Error : -196608(eVOLNOTMOUNTED_RDSM) in RDsM_PageIdToExtNo.c:78
[PID=247841][Fri Mar 29 14:00:43 2024] Error : -196608(eVOLNOTMOUNTED_RDSM) in EduOM_CreateObject.c:196
[PID=247841][Fri Mar 29 14:00:43 2024] Error : -196608(eVOLNOTMOUNTED_RDSM) in EduOM_CreateObject.c:116
[PID=247841][Fri Mar 29 14:00:43 2024] Error : -196608(eVOLNOTMOUNTED_RDSM) in EduOM_Test.c:137
[PID=247841][Fri Mar 29 14:00:43 2024] Error : -589829(eNOLOGGEDTRANSACTION_RM) in RM_Transaction.c:311
[PID=247841][Fri Mar 29 14:00:43 2024] Error : -589829(eNOLOGGEDTRANSACTION_RM) in SM_Transaction.c:258
[PID=247841][Fri Mar 29 14:00:43 2024] Error : -589829(eNOLOGGEDTRANSACTION_RM) in SM_ThinLayer.c:761
[PID=247841][Fri Mar 29 14:00:43 2024] Error : -589829(eNOLOGGEDTRANSACTION_RM) in LRDS_Transaction.c:133
[PID=248008][Fri Mar 29 14:01:29 2024] Error : -393217(eBADOBJECTID_OM) in OM_DestroyObject.c:131
[PID=248008][Fri Mar 29 14:01:29 2024] Error : -393217(eBADOBJECTID_OM) in OM_DestroyObject.c:131
[PID=248008][Fri Mar 29 14:01:29 2024] Error : -393217(eBADOBJECTID_OM) in OM_DestroyObject.c:131
[PID=248008][Fri Mar 29 14:01:29 2024] Error : -393217(eBADOBJECTID_OM) in OM_DestroyObject.c:131
[PID=248008][Fri Mar 29 14:01:29 2024] Error : -393217(eBADOBJECTID_OM) in OM_DestroyObject.c:131
[PID=248008][Fri Mar 29 14:01:29 2024] Error : -393217(eBADOBJECTID_OM) in OM_DestroyObject.c:131
[PID=248008][Fri Mar 29 14:01:29 2024] Error : -393217(eBADOBJECTID_OM) in OM_DestroyObject.c:131
[PID=248008][Fri Mar 29 14:01:29 2024] Error : -393217(eBADOBJECTID_OM) in OM_DestroyObject.c:131
[PID=248008][Fri Mar 29 14:01:29 2024] Error : -393217(eBADOBJECTID_OM) in OM_DestroyObject.c:131
[PID=248008][Fri Mar 29 14:01:29 2024] Error : -393217(eBADOBJECTID_OM) in OM_DestroyObject.c:131
[PID=248008][Fri Mar 29 14:01:29 2024] Error : -393217(eBADOBJECTID_OM) in OM_DestroyObject.c:131
[PID=248008][Fri Mar 29 14:01:29 2024] Error : -393217(eBADOBJECTID_OM) in EduOM_Test.c:214
[PID=248008][Fri Mar 29 14:01:29 2024] Error : -589829(eNOLOGGEDTRANSACTION_RM) in RM_Transaction.c:311
[PID=248008][Fri Mar 29 14:01:29 2024] Error : -589829(eNOLOGGEDTRANSACTION_RM) in SM_Transaction.c:258
[PID=248008][Fri Mar 29 14:01:29 2024] Error : -589829(eNOLOGGEDTRANSACTION_RM) in SM_ThinLayer.c:761
[PID=248008][Fri Mar 29 14:01:29 2024] Error : -589829(eNOLOGGEDTRANSACTION_RM) in LRDS_Transaction.c:133
[PID=248147][Fri Mar 29 14:01:53 2024] Error : -393217(eBADOBJECTID_OM) in OM_DestroyObject.c:131
[PID=248147][Fri Mar 29 14:01:53 2024] Error : -393217(eBADOBJECTID_OM) in OM_DestroyObject.c:131
[PID=248147][Fri Mar 29 14:01:53 2024] Error : -393217(eBADOBJECTID_OM) in OM_DestroyObject.c:131
[PID=248147][Fri Mar 29 14:01:53 2024] Error : -393217(eBADOBJECTID_OM) in OM_DestroyObject.c:131
[PID=248147][Fri Mar 29 14:01:53 2024] Error : -393217(eBADOBJECTID_OM) in OM_DestroyObject.c:131
[PID=248147][Fri Mar 29 14:01:53 2024] Error : -393217(eBADOBJECTID_OM) in OM_DestroyObject.c:131
[PID=248147][Fri Mar 29 14:01:53 2024] Error : -393217(eBADOBJECTID_OM) in OM_DestroyObject.c:131
[PID=248147][Fri Mar 29 14:01:53 2024] Error : -393217(eBADOBJECTID_OM) in OM_DestroyObject.c:131
[PID=248147][Fri Mar 29 14:01:53 2024] Error : -393217(eBADOBJECTID_OM) in OM_DestroyObject.c:131
[PID=248147][Fri Mar 29 14:01:53 2024] Error : -393217(eBADOBJECTID_OM) in OM_DestroyObject.c:131
[PID=248147][Fri Mar 29 14:01:53 2024] Error : -393217(eBADOBJECTID_OM) in OM_ReadObject.c:122
[PID=248147][Fri Mar 29 14:01:53 2024] Error : -393217(eBADOBJECTID_OM) in EduOM_Test.c:249
[PID=248147][Fri Mar 29 14:01:53 2024] Error : -589829(eNOLOGGEDTRANSACTION_RM) in RM_Transaction.c:311
[PID=248147][Fri Mar 29 14:01:53 2024] Error : -589829(eNOLOGGEDTRANSACTION_RM) in SM_Transaction.c:258
[PID=248147][Fri Mar 29 14:01:53 2024] Error : -589829(eNOLOGGEDTRANSACTION_RM) in SM_ThinLayer.c:761
[PID=248147][Fri Mar 29 14:01:53 2024] Error : -589829(eNOLOGGEDTRANSACTION_RM) in LRDS_Transaction.c:133
[PID=248286][Fri Mar 29 14:02:38 2024] Error : -393217(eBADOBJECTID_OM) in OM_DestroyObject.c:131
[PID=248286][Fri Mar 29 14:02:38 2024] Error : -393217(eBADOBJECTID_OM) in OM_DestroyObject.c:131
[PID=248286][Fri Mar 29 14:02:38 2024] Error : -393217(eBADOBJECTID_OM) in OM_DestroyObject.c:131
[PID=248286][Fri Mar 29 14:02:38 2024] Error : -393217(eBADOBJECTID_OM) in OM_DestroyObject.c:131
[PID=248286][Fri Mar 29 14:02:38 2024] Error : -393217(eBADOBJECTID_OM) in OM_DestroyObject.c:131
[PID=248286][Fri Mar 29 14:02:38 2024] Error : -393217(eBADOBJECTID_OM) in OM_DestroyObject.c:131
[PID=248286][Fri Mar 29 14:02:38 2024] Error : -393217(eBADOBJECTID_OM) in OM_DestroyObject.c:131
[PID=248286][Fri Mar 29 14:02:38 2024] Error : -393217(eBADOBJECTID_OM) in OM_DestroyObject.c:131
[PID=248286][Fri Mar 29 14:02:38 2024] Error : -393217(eBADOBJECTID_OM) in OM_DestroyObject.c:131
[PID=248286][Fri Mar 29 14:02:38 2024] Error : -393217(eBADOBJECTID_OM) in OM_DestroyObject.c:131
[PID=248286][Fri Mar 29 14:02:38 2024] Error : -393217(eBADOBJECTID_OM) in OM_DestroyObject.c:131
[PID=248286][Fri Mar 29 14:02:38 2024] Error : -393217(eBADOBJECTID_OM) in EduOM_Test.c:214
[PID=248286][Fri Mar 29 14:02:38 2024] Error : -589829(eNOLOGGEDTRANSACTION_RM) in RM_Transaction.c:311
[PID=248286][Fri Mar 29 14:02:38 2024] Error : -589829(eNOLOGGEDTRANSACTION_RM) in SM_Transaction.c:258
[PID=248286][Fri Mar 29 14:02:38 2024] Error : -589829(eNOLOGGEDTRANSACTION_RM) in SM_ThinLayer.c:761
[PID=248286][Fri Mar 29 14:02:38 2024] Error : -589829(eNOLOGGEDTRANSACTION_RM) in LRDS_Transaction.c:133
[PID=248494][Fri Mar 29 14:03:07 2024] Error : -393217(eBADOBJECTID_OM) in OM_DestroyObject.c:131
[PID=248494][Fri Mar 29 14:03:07 2024] Error : -393217(eBADOBJECTID_OM) in OM_DestroyObject.c:131
[PID=248494][Fri Mar 29 14:03:07 2024] Error : -393217(eBADOBJECTID_OM) in OM_DestroyObject.c:131
[PID=248494][Fri Mar 29 14:03:07 2024] Error : -393217(eBADOBJECTID_OM) in OM_DestroyObject.c:131
[PID=248494][Fri Mar 29 14:03:07 2024] Error : -393217(eBADOBJECTID_OM) in OM_DestroyObject.c:131
[PID=248494][Fri Mar 29 14:03:07 2024] Error : -393217(eBADOBJECTID_OM) in OM_DestroyObject.c:131
[PID=248494][Fri Mar 29 14:03:07 2024] Error : -393217(eBADOBJECTID_OM) in OM_DestroyObject.c:131
[PID=248494][Fri Mar 29 14:03:07 2024] Error : -393217(eBADOBJECTID_OM) in OM_DestroyObject.c:131
[PID=248494][Fri Mar 29 14:03:07 2024] Error : -393217(eBADOBJECTID_OM) in OM_DestroyObject.c:131
[PID=248494][Fri Mar 29 14:03:07 2024] Error : -393217(eBADOBJECTID_OM) in OM_DestroyObject.c:131
[PID=248494][Fri Mar 29 14:03:07 2024] Error : -393217(eBADOBJECTID_OM) in OM_DestroyObject.c:131
[PID=248494][Fri Mar 29 14:03:07 2024] Error : -393217(eBADOBJECTID_OM) in EduOM_Test.c:214
[PID=248494][Fri Mar 29 14:03:07 2024] Error : -589829(eNOLOGGEDTRANSACTION_RM) in RM_Transaction.c:311
[PID=248494][Fri Mar 29 14:03:07 2024] Error : -589829(eNOLOGGEDTRANSACTION_RM) in SM_Transaction.c:258
[PID=248494][Fri Mar 29 14:03:07 2024] Error : -589829(eNOLOGGEDTRANSACTION_RM) in SM_ThinLayer.c:761
[PID=248494][Fri Mar 29 14:03:07 2024] Error : -589829(eNOLOGGEDTRANSACTION_RM) in LRDS_Transaction.c:133
[PID=248622][Fri Mar 29 14:03:29 2024] Error : -393217(eBADOBJECTID_OM) in OM_DestroyObject.c:131
[PID=248622][Fri Mar 29 14:03:29 2024] Error : -393217(eBADOBJECTID_OM) in OM_DestroyObject.c:131
[PID=248622][Fri Mar 29 14:03:29 2024] Error : -393217(eBADOBJECTID_OM) in OM_DestroyObject.c:131
[PID=248622][Fri Mar 29 14:03:29 2024] Error : -393217(eBADOBJECTID_OM) in OM_DestroyObject.c:131
[PID=248622][Fri Mar 29 14:03:29 2024] Error : -393217(eBADOBJECTID_OM) in OM_DestroyObject.c:131
[PID=248622][Fri Mar 29 14:03:29 2024] Error : -393217(eBADOBJECTID_OM) in OM_DestroyObject.c:131
[PID=248622][Fri Mar 29 14:03:29 2024] Error : -393217(eBADOBJECTID_OM) in OM_DestroyObject.c:131
[PID=248622][Fri Mar 29 14:03:29 2024] Error : -393217(eBADOBJECTID_OM) in OM_DestroyObject.c:131
[PID=248622][Fri Mar 29 14:03:29 2024] Error : -393217(eBADOBJECTID_OM) in OM_DestroyObject.c:131
[PID=248622][Fri Mar 29 14:03:29 2024] Error : -393217(eBADOBJECTID_OM) in OM_DestroyObject.c:131
[PID=248622][Fri Mar 29 14:03:29 2024] Error : -393217(eBADOBJECTID_OM) in OM_DestroyObject.c:131
[PID=248622][Fri Mar 29 14:03:29 2024] Error : -393217(eBADOBJECTID_OM) in EduOM_Test.c:214
[PID=248622][Fri Mar 29 14:03:29 2024] Error : -589829(eNOLOGGEDTRANSACTION_RM) in RM_Transaction.c:311
[PID=248622][Fri Mar 29 14:03:29 2024] Error : -589829(eNOLOGGEDTRANSACTION_RM) in SM_Transaction.c:258
[PID=248622][Fri Mar 29 14:03:29 2024] Error : -589829(eNOLOGGEDTRANSACTION_RM) in SM_ThinLayer.c:761
[PID=248622][Fri Mar 29 14:03:29 2024] Error : -589829(eNOLOGGEDTRANSACTION_RM) in LRDS_Transaction.c:133
[PID=248792][Fri Mar 29 14:05:05 2024] Error : -393217(eBADOBJECTID_OM) in OM_DestroyObject.c:131
[PID=248792][Fri Mar 29 14:05:05 2024] Error : -393217(eBADOBJECTID_OM) in OM_DestroyObject.c:131
[PID=248792][Fri Mar 29 14:05:05 2024] Error : -393217(eBADOBJECTID_OM) in OM_DestroyObject.c:131
[PID=248792][Fri Mar 29 14:05:05 2024] Error : -393217(eBADOBJECTID_OM) in OM_DestroyObject.c:131
[PID=248792][Fri Mar 29 14:05:05 2024] Error : -393217(eBADOBJECTID_OM) in OM_DestroyObject.c:131
[PID=248792][Fri Mar 29 14:05:05 2024] Error : -393217(eBADOBJECTID_OM) in OM_DestroyObject.c:131
[PID=248792][Fri Mar 29 14:05:05 2024] Error : -393217(eBADOBJECTID_OM) in OM_DestroyObject.c:131
[PID=248792][Fri Mar 29 14:05:05 2024] Error : -393217(eBADOBJECTID_OM) in OM_DestroyObject.c:131
[PID=248792][Fri Mar 29 14:05:05 2024] Error : -393217(eBADOBJECTID_OM) in OM_DestroyObject.c:131
[PID=248792][Fri Mar 29 14:05:05 2024] Error : -393217(eBADOBJECTID_OM) in OM_DestroyObject.c:131
[PID=248792][Fri Mar 29 14:05:05 2024] Error : -393217(eBADOBJECTID_OM) in OM_DestroyObject.c:131
[PID=248792][Fri Mar 29 14:05:05 2024] Error : -393217(eBADOBJECTID_OM) in EduOM_Test.c:214
[PID=248792][Fri Mar 29 14:05:05 2024] Error : -589829(eNOLOGGEDTRANSACTION_RM) in RM_Transaction.c:311
[PID=248792][Fri Mar 29 14:05:05 2024] Error : -589829(eNOLOGGEDTRANSACTION_RM) in SM_Transaction.c:258
[PID=248792][Fri Mar 29 14:05:05 2024] Error : -589829(eNOLOGGEDTRANSACTION_RM) in SM_ThinLayer.c:761
[PID=248792][Fri Mar 29 14:05:05 2024] Error : -589829(eNOLOGGEDTRANSACTION_RM) in LRDS_Transaction.c:133
[PID=248970][Fri Mar 29 14:06:15 2024] Error : -196608(eVOLNOTMOUNTED_RDSM) in RDsM_PageIdToExtNo.c:78
[PID=248970][Fri Mar 29 14:06:15 2024] Error : -196608(eVOLNOTMOUNTED_RDSM) in EduOM_CreateObject.c:196
[PID=248970][Fri Mar 29 14:06:15 2024] Error : -196608(eVOLNOTMOUNTED_RDSM) in EduOM_CreateObject.c:116
[PID=248970][Fri Mar 29 14:06:15 2024] Error : -196608(eVOLNOTMOUNTED_RDSM) in EduOM_Test.c:137
[PID=248970][Fri Mar 29 14:06:15 2024] Error : -589829(eNOLOGGEDTRANSACTION_RM) in RM_Transaction.c:311
[PID=248970][Fri Mar 29 14:06:15 2024] Error : -589829(eNOLOGGEDTRANSACTION_RM) in SM_Transaction.c:258
[PID=248970][Fri Mar 29 14:06:15 2024] Error : -589829(eNOLOGGEDTRANSACTION_RM) in SM_ThinLayer.c:761
[PID=248970][Fri Mar 29 14:06:15 2024] Error : -589829(eNOLOGGEDTRANSACTION_RM) in LRDS_Transaction.c:133
[PID=265658][Mon Apr  1 07:16:24 2024] Error : -262149(eFLUSHFIXEDBUF_BFM) in BfM_Dismount.c:110
[PID=265658][Mon Apr  1 07:16:24 2024] Error : -262149(eFLUSHFIXEDBUF_BFM) in SM_Dismount.c:104
[PID=265658][Mon Apr  1 07:16:24 2024] Error : -262149(eFLUSHFIXEDBUF_BFM) in LRDS_Dismount.c:246
[PID=265658][Mon Apr  1 07:16:24 2024] Error : -262149(eFLUSHFIXEDBUF_BFM) in LRDS_Dismount.c:143
[PID=265775][Mon Apr  1 07:17:03 2024] Error : -262149(eFLUSHFIXEDBUF_BFM) in BfM_Dismount.c:110
[PID=265775][Mon Apr  1 07:17:03 2024] Error : -262149(eFLUSHFIXEDBUF_BFM) in SM_Dismount.c:104
[PID=265775][Mon Apr  1 07:17:03 2024] Error : -262149(eFLUSHFIXEDBUF_BFM) in LRDS_Dismount.c:246
[PID=265775][Mon Apr  1 07:17:03 2024] Error : -262149(eFLUSHFIXEDBUF_BFM) in LRDS_Dismount.c:143
